Using pre-set license
Built from '2020.2/release' branch; Version is '2020.2.4f1 (becced5a802b) revision 12504301'; Using compiler version '192528614'; Build Type 'Release'
OS: 'Windows 10 Pro; OS build 19042.804; Version 2009; 64bit' Language: 'pt' Physical Memory: 16365 MB
BatchMode: 1, IsHumanControllingUs: 0, StartBugReporterOnCrash: 0, Is64bit: 1, IsPro: 0

 COMMAND LINE ARGUMENTS:
C:\Program Files\Unity\Hub\Editor\2020.2.4f1\Editor\Unity.exe
-adb2
-batchMode
-noUpm
-name
AssetImportWorker0
-projectPath
C:/Users/Felipe/Downloads/teste_unity_flex_interativa-1f755444f9ccb7ddd235f6e72bb8f045aedb7938
-logFile
Logs/AssetImportWorker0.log
-srvPort
64808
Successfully changed project path to: C:/Users/Felipe/Downloads/teste_unity_flex_interativa-1f755444f9ccb7ddd235f6e72bb8f045aedb7938
C:/Users/Felipe/Downloads/teste_unity_flex_interativa-1f755444f9ccb7ddd235f6e72bb8f045aedb7938
Using Asset Import Pipeline V2.
Refreshing native plugins compatible for Editor in 45.59 ms, found 0 plugins.
Preloading 0 native plugins for Editor in 0.00 ms.
Initialize engine version: 2020.2.4f1 (becced5a802b)
[Subsystems] Discovering subsystems at path C:/Program Files/Unity/Hub/Editor/2020.2.4f1/Editor/Data/Resources/UnitySubsystems
[Subsystems] Discovering subsystems at path C:/Users/Felipe/Downloads/teste_unity_flex_interativa-1f755444f9ccb7ddd235f6e72bb8f045aedb7938/Assets
GfxDevice: creating device client; threaded=0
Direct3D:
    Version:  Direct3D 11.0 [level 11.1]
    Renderer: NVIDIA GeForce GTX 1050 Ti (ID=0x1c82)
    Vendor:   
    VRAM:     4018 MB
    Driver:   27.21.14.5671
Initialize mono
Mono path[0] = 'C:/Program Files/Unity/Hub/Editor/2020.2.4f1/Editor/Data/Managed'
Mono path[1] = 'C:/Program Files/Unity/Hub/Editor/2020.2.4f1/Editor/Data/MonoBleedingEdge/lib/mono/unityjit'
Mono config path = 'C:/Program Files/Unity/Hub/Editor/2020.2.4f1/Editor/Data/MonoBleedingEdge/etc'
Using monoOptions --debugger-agent=transport=dt_socket,embedding=1,server=y,suspend=n,address=127.0.0.1:56244
Begin MonoManager ReloadAssembly
Registering precompiled unity dll's ...
Register platform support module: C:/Program Files/Unity/Hub/Editor/2020.2.4f1/Editor/Data/PlaybackEngines/WebGLSupport/UnityEditor.WebGL.Extensions.dll
Register platform support module: C:/Program Files/Unity/Hub/Editor/2020.2.4f1/Editor/Data/PlaybackEngines/WindowsStandaloneSupport/UnityEditor.WindowsStandalone.Extensions.dll
Register platform support module: C:/Program Files/Unity/Hub/Editor/2020.2.4f1/Editor/Data/PlaybackEngines/LinuxStandaloneSupport/UnityEditor.LinuxStandalone.Extensions.dll
Registered in 0.007254 seconds.
Native extension for LinuxStandalone target not found
Native extension for WindowsStandalone target not found
Native extension for WebGL target not found
Refreshing native plugins compatible for Editor in 47.05 ms, found 0 plugins.
Preloading 0 native plugins for Editor in 0.00 ms.
Invoked RoslynAnalysisRunner static constructor.
RoslynAnalysisRunner will not be running.
RoslynAnalysisRunner has terminated.
Mono: successfully reloaded assembly
- Completed reload, in  4.557 seconds
Platform modules already initialized, skipping
Registering precompiled user dll's ...
Registered in 0.001576 seconds.
Begin MonoManager ReloadAssembly
Native extension for LinuxStandalone target not found
Native extension for WindowsStandalone target not found
Native extension for WebGL target not found
Refreshing native plugins compatible for Editor in 0.40 ms, found 0 plugins.
Preloading 0 native plugins for Editor in 0.00 ms.
Invoked RoslynAnalysisRunner static constructor.
RoslynAnalysisRunner will not be running.
RoslynAnalysisRunner has terminated.
Mono: successfully reloaded assembly
- Completed reload, in  1.844 seconds
Platform modules already initialized, skipping
========================================================================
Worker process is ready to serve import requests
Launched and connected shader compiler UnityShaderCompiler.exe after 0.08 seconds
Refreshing native plugins compatible for Editor in 0.40 ms, found 0 plugins.
Preloading 0 native plugins for Editor in 0.00 ms.
Unloading 1108 Unused Serialized files (Serialized files now loaded: 0)
System memory in use before: 57.4 MB.
System memory in use after: 57.4 MB.

Unloading 10 unused Assets to reduce memory usage. Loaded Objects now: 1550.
Total: 3.122200 ms (FindLiveObjects: 0.296500 ms CreateObjectMapping: 0.099600 ms MarkObjects: 2.472900 ms  DeleteObjects: 0.251300 ms)

========================================================================
Received Import Request.
  path: Assets/Resources/Prefabs/Objects/Grabbable
  artifactKey: Guid(81ac555cd3b604847935b96692de6e6b) Importer(815301076,1909f56bfc062723c751e8b465ee728b)
Start importing Assets/Resources/Prefabs/Objects/Grabbable using Guid(81ac555cd3b604847935b96692de6e6b) Importer(815301076,1909f56bfc062723c751e8b465ee728b)  -> (artifact id: '4706596a420ef59abe86b433de0ec2a0') in 0.015741 seconds
  Import took 0.019072 seconds .

========================================================================
Received Prepare
Registering precompiled user dll's ...
Registered in 0.001432 seconds.
Begin MonoManager ReloadAssembly
Native extension for LinuxStandalone target not found
Native extension for WindowsStandalone target not found
Native extension for WebGL target not found
Refreshing native plugins compatible for Editor in 0.41 ms, found 0 plugins.
Preloading 0 native plugins for Editor in 0.00 ms.
Invoked RoslynAnalysisRunner static constructor.
RoslynAnalysisRunner will not be running.
RoslynAnalysisRunner has terminated.
Mono: successfully reloaded assembly
- Completed reload, in  1.719 seconds
Platform modules already initialized, skipping
Refreshing native plugins compatible for Editor in 0.38 ms, found 0 plugins.
Preloading 0 native plugins for Editor in 0.00 ms.
Unloading 1103 Unused Serialized files (Serialized files now loaded: 0)
System memory in use before: 57.3 MB.
System memory in use after: 57.4 MB.

Unloading 5 unused Assets to reduce memory usage. Loaded Objects now: 1552.
Total: 2.957000 ms (FindLiveObjects: 0.276100 ms CreateObjectMapping: 0.092700 ms MarkObjects: 2.483600 ms  DeleteObjects: 0.103000 ms)

========================================================================
Received Import Request.
  Time since last request: 45.784193 seconds.
  path: Assets/Resources/Materials/Object
  artifactKey: Guid(6f936e8c896e27247ad6157dbae32833) Importer(815301076,1909f56bfc062723c751e8b465ee728b)
Start importing Assets/Resources/Materials/Object using Guid(6f936e8c896e27247ad6157dbae32833) Importer(815301076,1909f56bfc062723c751e8b465ee728b)  -> (artifact id: 'b7532726c2d049fc230062e7d5bba6fb') in 0.016484 seconds
  Import took 0.020096 seconds .

========================================================================
Received Import Request.
  Time since last request: 5.694691 seconds.
  path: Assets/Resources/Materials/Object/Grabbable
  artifactKey: Guid(8c73265b566adb149b243569401c7bec) Importer(815301076,1909f56bfc062723c751e8b465ee728b)
Start importing Assets/Resources/Materials/Object/Grabbable using Guid(8c73265b566adb149b243569401c7bec) Importer(815301076,1909f56bfc062723c751e8b465ee728b)  -> (artifact id: 'c2fa28ac5454b18f4c4dc3c5531d250d') in 0.005313 seconds
  Import took 0.008717 seconds .

========================================================================
Received Import Request.
  Time since last request: 20.658993 seconds.
  path: Assets/Resources/Prefabs/Objects/Grabbable/GrabbableCube.prefab
  artifactKey: Guid(17bf7ec66612a8942847af6774061f62) Importer(815301076,1909f56bfc062723c751e8b465ee728b)
Start importing Assets/Resources/Prefabs/Objects/Grabbable/GrabbableCube.prefab using Guid(17bf7ec66612a8942847af6774061f62) Importer(815301076,1909f56bfc062723c751e8b465ee728b)  -> (artifact id: '071d5d817285fe7d49933990163b7771') in 0.205946 seconds
  Import took 0.209589 seconds .

========================================================================
Received Import Request.
  Time since last request: 4.942225 seconds.
  path: ProjectSettings/TagManager.asset
  artifactKey: Guid(00000000000000003000000000000000) Importer(815301076,1909f56bfc062723c751e8b465ee728b)
Start importing ProjectSettings/TagManager.asset using Guid(00000000000000003000000000000000) Importer(815301076,1909f56bfc062723c751e8b465ee728b)  -> (artifact id: 'dabd167d6664fc4421afc106f7cd616c') in 0.015963 seconds
  Import took 0.019894 seconds .

========================================================================
Received Import Request.
  Time since last request: 40.663153 seconds.
  path: Assets/Resources/Prefabs/Objects/Grabbable/GrabbableCube.prefab
  artifactKey: Guid(17bf7ec66612a8942847af6774061f62) Importer(815301076,1909f56bfc062723c751e8b465ee728b)
Start importing Assets/Resources/Prefabs/Objects/Grabbable/GrabbableCube.prefab using Guid(17bf7ec66612a8942847af6774061f62) Importer(815301076,1909f56bfc062723c751e8b465ee728b)  -> (artifact id: 'a5a48290446f508c862c340bd81ebeb7') in 0.050372 seconds
  Import took 0.054578 seconds .

========================================================================
Received Import Request.
  Time since last request: 19.313316 seconds.
  path: ProjectSettings/TagManager.asset
  artifactKey: Guid(00000000000000003000000000000000) Importer(815301076,1909f56bfc062723c751e8b465ee728b)
Start importing ProjectSettings/TagManager.asset using Guid(00000000000000003000000000000000) Importer(815301076,1909f56bfc062723c751e8b465ee728b)  -> (artifact id: 'b71611e38424129411474c6dc2975ff5') in 0.006151 seconds
  Import took 0.009785 seconds .

========================================================================
Received Import Request.
  Time since last request: 5.615729 seconds.
  path: Assets/Resources/Prefabs/Objects/Grabbable/GrabbableCube.prefab
  artifactKey: Guid(17bf7ec66612a8942847af6774061f62) Importer(815301076,1909f56bfc062723c751e8b465ee728b)
Start importing Assets/Resources/Prefabs/Objects/Grabbable/GrabbableCube.prefab using Guid(17bf7ec66612a8942847af6774061f62) Importer(815301076,1909f56bfc062723c751e8b465ee728b)  -> (artifact id: '08b2d3056ac744618bd61871e76983d8') in 0.015828 seconds
  Import took 0.019887 seconds .

========================================================================
Received Import Request.
  Time since last request: 72.704656 seconds.
  path: Assets/Resources/Prefabs/Functional
  artifactKey: Guid(d19941143715ba74681d0e4942d38184) Importer(815301076,1909f56bfc062723c751e8b465ee728b)
Start importing Assets/Resources/Prefabs/Functional using Guid(d19941143715ba74681d0e4942d38184) Importer(815301076,1909f56bfc062723c751e8b465ee728b)  -> (artifact id: '8298ffc39b6a220577af9b5d6d52aa55') in 0.013546 seconds
  Import took 0.017305 seconds .

========================================================================
Received Import Request.
  Time since last request: 2.634252 seconds.
  path: Assets/Resources/Prefabs/Functional/GrabbableObjectSpawner.prefab
  artifactKey: Guid(9285a9da0eb03e948be8982d182ce260) Importer(815301076,1909f56bfc062723c751e8b465ee728b)
Start importing Assets/Resources/Prefabs/Functional/GrabbableObjectSpawner.prefab using Guid(9285a9da0eb03e948be8982d182ce260) Importer(815301076,1909f56bfc062723c751e8b465ee728b)  -> (artifact id: 'c860410e2e396ce14927ab2d97c1d0e6') in 0.033169 seconds
  Import took 0.036923 seconds .

========================================================================
Received Import Request.
  Time since last request: 15.256031 seconds.
  path: Assets/Resources/Prefabs/Functional/GrabbableObjectReceiver Variant.prefab
  artifactKey: Guid(ef1b8c0fd8dcc214bae4d9d8ba021f55) Importer(815301076,1909f56bfc062723c751e8b465ee728b)
Start importing Assets/Resources/Prefabs/Functional/GrabbableObjectReceiver Variant.prefab using Guid(ef1b8c0fd8dcc214bae4d9d8ba021f55) Importer(815301076,1909f56bfc062723c751e8b465ee728b)  -> (artifact id: 'ca783c35823275af5c7fdc6d7dddea25') in 0.035359 seconds
  Import took 0.039304 seconds .

========================================================================
Received Import Request.
  Time since last request: 29.786405 seconds.
  path: Assets/Resources/Prefabs/Functional/GrabbableObjectReceiver.prefab
  artifactKey: Guid(68d3ac67793ac86418d34686a5508258) Importer(815301076,1909f56bfc062723c751e8b465ee728b)
Start importing Assets/Resources/Prefabs/Functional/GrabbableObjectReceiver.prefab using Guid(68d3ac67793ac86418d34686a5508258) Importer(815301076,1909f56bfc062723c751e8b465ee728b)  -> (artifact id: '39caef1502dd01dc27910fce3f4e7038') in 0.032157 seconds
  Import took 0.036475 seconds .

========================================================================
Received Import Request.
  Time since last request: 12.977175 seconds.
  path: Assets/Resources/Materials/Functional
  artifactKey: Guid(f048c2589bd34384892bc6c35902e3ff) Importer(815301076,1909f56bfc062723c751e8b465ee728b)
Start importing Assets/Resources/Materials/Functional using Guid(f048c2589bd34384892bc6c35902e3ff) Importer(815301076,1909f56bfc062723c751e8b465ee728b)  -> (artifact id: 'f4854a49dfd2508dda3405c4584a960f') in 0.005757 seconds
  Import took 0.009373 seconds .

========================================================================
Received Import Request.
  Time since last request: 100.197919 seconds.
  path: Assets/Scripts/Functional/GrabbableObjectSpawner.cs
  artifactKey: Guid(ead1c72dbc785e342aa67df9b666094d) Importer(815301076,1909f56bfc062723c751e8b465ee728b)
Start importing Assets/Scripts/Functional/GrabbableObjectSpawner.cs using Guid(ead1c72dbc785e342aa67df9b666094d) Importer(815301076,1909f56bfc062723c751e8b465ee728b)  -> (artifact id: '2be4ef4f3ffec42df70fee662ef07d57') in 0.013668 seconds
  Import took 0.017820 seconds .

========================================================================
Received Prepare
Registering precompiled user dll's ...
Registered in 0.001434 seconds.
Begin MonoManager ReloadAssembly
Native extension for LinuxStandalone target not found
Native extension for WindowsStandalone target not found
Native extension for WebGL target not found
Refreshing native plugins compatible for Editor in 0.41 ms, found 0 plugins.
Preloading 0 native plugins for Editor in 0.00 ms.
Invoked RoslynAnalysisRunner static constructor.
RoslynAnalysisRunner will not be running.
RoslynAnalysisRunner has terminated.
Mono: successfully reloaded assembly
- Completed reload, in  1.718 seconds
Platform modules already initialized, skipping
Refreshing native plugins compatible for Editor in 0.39 ms, found 0 plugins.
Preloading 0 native plugins for Editor in 0.00 ms.
Unloading 1104 Unused Serialized files (Serialized files now loaded: 0)
System memory in use before: 60.6 MB.
System memory in use after: 60.6 MB.

Unloading 8 unused Assets to reduce memory usage. Loaded Objects now: 1563.
Total: 2.974000 ms (FindLiveObjects: 0.293800 ms CreateObjectMapping: 0.092600 ms MarkObjects: 2.482300 ms  DeleteObjects: 0.103500 ms)

========================================================================
Received Import Request.
  Time since last request: 14.409228 seconds.
  path: Assets/Scripts/Functional/GrabbableObjectReceiver.cs
  artifactKey: Guid(2b7dca7c12588604787c92066fed5abf) Importer(815301076,1909f56bfc062723c751e8b465ee728b)
Start importing Assets/Scripts/Functional/GrabbableObjectReceiver.cs using Guid(2b7dca7c12588604787c92066fed5abf) Importer(815301076,1909f56bfc062723c751e8b465ee728b)  -> (artifact id: '9c8fd39580f5096cd2bb4819a72e90f7') in 0.010638 seconds
  Import took 0.014661 seconds .

========================================================================
Received Prepare
Registering precompiled user dll's ...
Registered in 0.001401 seconds.
Begin MonoManager ReloadAssembly
Native extension for LinuxStandalone target not found
Native extension for WindowsStandalone target not found
Native extension for WebGL target not found
Refreshing native plugins compatible for Editor in 0.42 ms, found 0 plugins.
Preloading 0 native plugins for Editor in 0.00 ms.
Invoked RoslynAnalysisRunner static constructor.
RoslynAnalysisRunner will not be running.
RoslynAnalysisRunner has terminated.
Mono: successfully reloaded assembly
- Completed reload, in  1.652 seconds
Platform modules already initialized, skipping
Refreshing native plugins compatible for Editor in 0.42 ms, found 0 plugins.
Preloading 0 native plugins for Editor in 0.00 ms.
Unloading 1105 Unused Serialized files (Serialized files now loaded: 0)
System memory in use before: 60.6 MB.
System memory in use after: 60.7 MB.

Unloading 5 unused Assets to reduce memory usage. Loaded Objects now: 1566.
Total: 2.916300 ms (FindLiveObjects: 0.314100 ms CreateObjectMapping: 0.100100 ms MarkObjects: 2.403600 ms  DeleteObjects: 0.096500 ms)

========================================================================
Received Prepare
Registering precompiled user dll's ...
Registered in 0.001474 seconds.
Begin MonoManager ReloadAssembly
Native extension for LinuxStandalone target not found
Native extension for WindowsStandalone target not found
Native extension for WebGL target not found
Refreshing native plugins compatible for Editor in 0.46 ms, found 0 plugins.
Preloading 0 native plugins for Editor in 0.00 ms.
Invoked RoslynAnalysisRunner static constructor.
RoslynAnalysisRunner will not be running.
RoslynAnalysisRunner has terminated.
Mono: successfully reloaded assembly
- Completed reload, in  1.694 seconds
Platform modules already initialized, skipping
Refreshing native plugins compatible for Editor in 0.39 ms, found 0 plugins.
Preloading 0 native plugins for Editor in 0.00 ms.
Unloading 1105 Unused Serialized files (Serialized files now loaded: 0)
System memory in use before: 60.6 MB.
System memory in use after: 60.7 MB.

Unloading 5 unused Assets to reduce memory usage. Loaded Objects now: 1568.
Total: 2.937800 ms (FindLiveObjects: 0.274300 ms CreateObjectMapping: 0.093900 ms MarkObjects: 2.472600 ms  DeleteObjects: 0.095300 ms)

========================================================================
Received Prepare
Registering precompiled user dll's ...
Registered in 0.001461 seconds.
Begin MonoManager ReloadAssembly
Native extension for LinuxStandalone target not found
Native extension for WindowsStandalone target not found
Native extension for WebGL target not found
Refreshing native plugins compatible for Editor in 0.37 ms, found 0 plugins.
Preloading 0 native plugins for Editor in 0.00 ms.
Invoked RoslynAnalysisRunner static constructor.
RoslynAnalysisRunner will not be running.
RoslynAnalysisRunner has terminated.
Mono: successfully reloaded assembly
- Completed reload, in  1.687 seconds
Platform modules already initialized, skipping
Refreshing native plugins compatible for Editor in 0.41 ms, found 0 plugins.
Preloading 0 native plugins for Editor in 0.00 ms.
Unloading 1105 Unused Serialized files (Serialized files now loaded: 0)
System memory in use before: 60.6 MB.
System memory in use after: 60.7 MB.

Unloading 5 unused Assets to reduce memory usage. Loaded Objects now: 1570.
Total: 2.922900 ms (FindLiveObjects: 0.280000 ms CreateObjectMapping: 0.092600 ms MarkObjects: 2.455200 ms  DeleteObjects: 0.093000 ms)

========================================================================
Received Prepare
Registering precompiled user dll's ...
Registered in 0.001395 seconds.
Begin MonoManager ReloadAssembly
Native extension for LinuxStandalone target not found
Native extension for WindowsStandalone target not found
Native extension for WebGL target not found
Refreshing native plugins compatible for Editor in 0.40 ms, found 0 plugins.
Preloading 0 native plugins for Editor in 0.00 ms.
Invoked RoslynAnalysisRunner static constructor.
RoslynAnalysisRunner will not be running.
RoslynAnalysisRunner has terminated.
Mono: successfully reloaded assembly
- Completed reload, in  1.802 seconds
Platform modules already initialized, skipping
Refreshing native plugins compatible for Editor in 0.50 ms, found 0 plugins.
Preloading 0 native plugins for Editor in 0.00 ms.
Unloading 1105 Unused Serialized files (Serialized files now loaded: 0)
System memory in use before: 60.6 MB.
System memory in use after: 60.7 MB.

Unloading 5 unused Assets to reduce memory usage. Loaded Objects now: 1572.
Total: 3.082100 ms (FindLiveObjects: 0.287600 ms CreateObjectMapping: 0.095100 ms MarkObjects: 2.605600 ms  DeleteObjects: 0.092200 ms)

========================================================================
Received Prepare
Registering precompiled user dll's ...
Registered in 0.001427 seconds.
Begin MonoManager ReloadAssembly
Native extension for LinuxStandalone target not found
Native extension for WindowsStandalone target not found
Native extension for WebGL target not found
Refreshing native plugins compatible for Editor in 0.48 ms, found 0 plugins.
Preloading 0 native plugins for Editor in 0.00 ms.
Invoked RoslynAnalysisRunner static constructor.
RoslynAnalysisRunner will not be running.
RoslynAnalysisRunner has terminated.
Mono: successfully reloaded assembly
- Completed reload, in  1.715 seconds
Platform modules already initialized, skipping
Refreshing native plugins compatible for Editor in 0.39 ms, found 0 plugins.
Preloading 0 native plugins for Editor in 0.00 ms.
Unloading 1105 Unused Serialized files (Serialized files now loaded: 0)
System memory in use before: 60.6 MB.
System memory in use after: 60.7 MB.

Unloading 5 unused Assets to reduce memory usage. Loaded Objects now: 1574.
Total: 2.888400 ms (FindLiveObjects: 0.336200 ms CreateObjectMapping: 0.100500 ms MarkObjects: 2.350000 ms  DeleteObjects: 0.099900 ms)

========================================================================
Received Prepare
Registering precompiled user dll's ...
Registered in 0.001454 seconds.
Begin MonoManager ReloadAssembly
Native extension for LinuxStandalone target not found
Native extension for WindowsStandalone target not found
Native extension for WebGL target not found
Refreshing native plugins compatible for Editor in 0.39 ms, found 0 plugins.
Preloading 0 native plugins for Editor in 0.00 ms.
Invoked RoslynAnalysisRunner static constructor.
RoslynAnalysisRunner will not be running.
RoslynAnalysisRunner has terminated.
Mono: successfully reloaded assembly
- Completed reload, in  1.658 seconds
Platform modules already initialized, skipping
Refreshing native plugins compatible for Editor in 0.38 ms, found 0 plugins.
Preloading 0 native plugins for Editor in 0.00 ms.
Unloading 1105 Unused Serialized files (Serialized files now loaded: 0)
System memory in use before: 60.6 MB.
System memory in use after: 60.7 MB.

Unloading 5 unused Assets to reduce memory usage. Loaded Objects now: 1576.
Total: 3.040000 ms (FindLiveObjects: 0.273900 ms CreateObjectMapping: 0.095000 ms MarkObjects: 2.574400 ms  DeleteObjects: 0.094700 ms)

========================================================================
Received Prepare
Registering precompiled user dll's ...
Registered in 0.001767 seconds.
Begin MonoManager ReloadAssembly
Native extension for LinuxStandalone target not found
Native extension for WindowsStandalone target not found
Native extension for WebGL target not found
Refreshing native plugins compatible for Editor in 0.42 ms, found 0 plugins.
Preloading 0 native plugins for Editor in 0.00 ms.
Invoked RoslynAnalysisRunner static constructor.
RoslynAnalysisRunner will not be running.
RoslynAnalysisRunner has terminated.
Mono: successfully reloaded assembly
- Completed reload, in  1.672 seconds
Platform modules already initialized, skipping
Refreshing native plugins compatible for Editor in 0.40 ms, found 0 plugins.
Preloading 0 native plugins for Editor in 0.00 ms.
Unloading 1105 Unused Serialized files (Serialized files now loaded: 0)
System memory in use before: 60.6 MB.
System memory in use after: 60.7 MB.

Unloading 5 unused Assets to reduce memory usage. Loaded Objects now: 1578.
Total: 2.712900 ms (FindLiveObjects: 0.287600 ms CreateObjectMapping: 0.095100 ms MarkObjects: 2.234900 ms  DeleteObjects: 0.093800 ms)

========================================================================
Received Prepare
Registering precompiled user dll's ...
Registered in 0.001604 seconds.
Begin MonoManager ReloadAssembly
Native extension for LinuxStandalone target not found
Native extension for WindowsStandalone target not found
Native extension for WebGL target not found
Refreshing native plugins compatible for Editor in 0.46 ms, found 0 plugins.
Preloading 0 native plugins for Editor in 0.00 ms.
Invoked RoslynAnalysisRunner static constructor.
RoslynAnalysisRunner will not be running.
RoslynAnalysisRunner has terminated.
Mono: successfully reloaded assembly
- Completed reload, in  1.696 seconds
Platform modules already initialized, skipping
Refreshing native plugins compatible for Editor in 0.39 ms, found 0 plugins.
Preloading 0 native plugins for Editor in 0.00 ms.
Unloading 1105 Unused Serialized files (Serialized files now loaded: 0)
System memory in use before: 60.6 MB.
System memory in use after: 60.7 MB.

Unloading 5 unused Assets to reduce memory usage. Loaded Objects now: 1580.
Total: 2.944900 ms (FindLiveObjects: 0.340600 ms CreateObjectMapping: 0.090400 ms MarkObjects: 2.413400 ms  DeleteObjects: 0.098400 ms)

========================================================================
Received Prepare
Registering precompiled user dll's ...
Registered in 0.001540 seconds.
Begin MonoManager ReloadAssembly
Native extension for LinuxStandalone target not found
Native extension for WindowsStandalone target not found
Native extension for WebGL target not found
Refreshing native plugins compatible for Editor in 0.41 ms, found 0 plugins.
Preloading 0 native plugins for Editor in 0.00 ms.
Invoked RoslynAnalysisRunner static constructor.
RoslynAnalysisRunner will not be running.
RoslynAnalysisRunner has terminated.
Mono: successfully reloaded assembly
- Completed reload, in  1.687 seconds
Platform modules already initialized, skipping
Refreshing native plugins compatible for Editor in 0.41 ms, found 0 plugins.
Preloading 0 native plugins for Editor in 0.00 ms.
Unloading 1105 Unused Serialized files (Serialized files now loaded: 0)
System memory in use before: 60.6 MB.
System memory in use after: 60.7 MB.

Unloading 5 unused Assets to reduce memory usage. Loaded Objects now: 1582.
Total: 2.930300 ms (FindLiveObjects: 0.290800 ms CreateObjectMapping: 0.094400 ms MarkObjects: 2.452600 ms  DeleteObjects: 0.090900 ms)

========================================================================
Received Prepare
Registering precompiled user dll's ...
Registered in 0.001202 seconds.
Begin MonoManager ReloadAssembly
Native extension for LinuxStandalone target not found
Native extension for WindowsStandalone target not found
Native extension for WebGL target not found
Refreshing native plugins compatible for Editor in 0.41 ms, found 0 plugins.
Preloading 0 native plugins for Editor in 0.00 ms.
Invoked RoslynAnalysisRunner static constructor.
RoslynAnalysisRunner will not be running.
RoslynAnalysisRunner has terminated.
Mono: successfully reloaded assembly
- Completed reload, in  1.568 seconds
Platform modules already initialized, skipping
Refreshing native plugins compatible for Editor in 0.41 ms, found 0 plugins.
Preloading 0 native plugins for Editor in 0.00 ms.
Unloading 1105 Unused Serialized files (Serialized files now loaded: 0)
System memory in use before: 60.6 MB.
System memory in use after: 60.7 MB.

Unloading 5 unused Assets to reduce memory usage. Loaded Objects now: 1584.
Total: 2.891000 ms (FindLiveObjects: 0.262300 ms CreateObjectMapping: 0.091800 ms MarkObjects: 2.440400 ms  DeleteObjects: 0.094300 ms)

========================================================================
Received Import Request.
  Time since last request: 1347.391021 seconds.
  path: Assets/Resources/Prefabs/UI
  artifactKey: Guid(aed989cd300f4c14aa8e67403dba4e0a) Importer(815301076,1909f56bfc062723c751e8b465ee728b)
Start importing Assets/Resources/Prefabs/UI using Guid(aed989cd300f4c14aa8e67403dba4e0a) Importer(815301076,1909f56bfc062723c751e8b465ee728b)  -> (artifact id: '996de0f3c07640d5b31aabe1389c19e6') in 0.019155 seconds
  Import took 0.023164 seconds .

========================================================================
Received Import Request.
  Time since last request: 3.141960 seconds.
  path: Assets/Resources/Prefabs/UI/InputButtons.prefab
  artifactKey: Guid(55f99270e9bbd4e44aeeb68610a32024) Importer(815301076,1909f56bfc062723c751e8b465ee728b)
Start importing Assets/Resources/Prefabs/UI/InputButtons.prefab using Guid(55f99270e9bbd4e44aeeb68610a32024) Importer(815301076,1909f56bfc062723c751e8b465ee728b)  -> (artifact id: 'cd241e339f48c3c8bdf18a0c069d4744') in 0.100073 seconds
  Import took 0.104211 seconds .

========================================================================
Received Prepare
Registering precompiled user dll's ...
Registered in 0.001242 seconds.
Begin MonoManager ReloadAssembly
Native extension for LinuxStandalone target not found
Native extension for WindowsStandalone target not found
Native extension for WebGL target not found
Refreshing native plugins compatible for Editor in 0.44 ms, found 0 plugins.
Preloading 0 native plugins for Editor in 0.00 ms.
Invoked RoslynAnalysisRunner static constructor.
RoslynAnalysisRunner will not be running.
RoslynAnalysisRunner has terminated.
Mono: successfully reloaded assembly
- Completed reload, in  1.663 seconds
Platform modules already initialized, skipping
Refreshing native plugins compatible for Editor in 0.38 ms, found 0 plugins.
Preloading 0 native plugins for Editor in 0.00 ms.
Unloading 1105 Unused Serialized files (Serialized files now loaded: 0)
System memory in use before: 60.7 MB.
System memory in use after: 60.8 MB.

Unloading 6 unused Assets to reduce memory usage. Loaded Objects now: 1588.
Total: 3.082400 ms (FindLiveObjects: 0.371000 ms CreateObjectMapping: 0.092500 ms MarkObjects: 2.494900 ms  DeleteObjects: 0.122200 ms)

========================================================================
Received Import Request.
  Time since last request: 1558.641609 seconds.
  path: Assets/Resources/Animations/Industrial Robot Arm/industrial_robot_arm_automatic_animator.controller
  artifactKey: Guid(e83ef626f3b5b4b49a36a20c668276ae) Importer(815301076,1909f56bfc062723c751e8b465ee728b)
Start importing Assets/Resources/Animations/Industrial Robot Arm/industrial_robot_arm_automatic_animator.controller using Guid(e83ef626f3b5b4b49a36a20c668276ae) Importer(815301076,1909f56bfc062723c751e8b465ee728b)  -> (artifact id: 'f21f2002cc75136742e6d24be1b5b20d') in 0.035720 seconds
  Import took 0.039747 seconds .

========================================================================
Received Import Request.
  Time since last request: 28.080385 seconds.
  path: Assets/Resources/Prefabs/industrial_robot_arm_claw 1.prefab
  artifactKey: Guid(b3f7ac2b48c2f3c4183ca871ad302a79) Importer(815301076,1909f56bfc062723c751e8b465ee728b)
Start importing Assets/Resources/Prefabs/industrial_robot_arm_claw 1.prefab using Guid(b3f7ac2b48c2f3c4183ca871ad302a79) Importer(815301076,1909f56bfc062723c751e8b465ee728b)  -> (artifact id: 'deb3003bbce408633954a9ad94572c03') in 0.298936 seconds
  Import took 0.309272 seconds .

========================================================================
Received Import Request.
  Time since last request: 8.361884 seconds.
  path: Assets/Resources/Prefabs/industrial_robot_arm_claw.prefab
  artifactKey: Guid(95598bc81d6bb1045a16bfc363515200) Importer(815301076,1909f56bfc062723c751e8b465ee728b)
Start importing Assets/Resources/Prefabs/industrial_robot_arm_claw.prefab using Guid(95598bc81d6bb1045a16bfc363515200) Importer(815301076,1909f56bfc062723c751e8b465ee728b)  -> (artifact id: 'f2e7bee42639ac98d7de98e52365be53') in 0.123335 seconds
  Import took 0.133727 seconds .

========================================================================
Received Import Request.
  Time since last request: 10.347729 seconds.
  path: Assets/Resources/Prefabs/industrial_robot_arm_claw_automatic.prefab
  artifactKey: Guid(95598bc81d6bb1045a16bfc363515200) Importer(815301076,1909f56bfc062723c751e8b465ee728b)
Start importing Assets/Resources/Prefabs/industrial_robot_arm_claw_automatic.prefab using Guid(95598bc81d6bb1045a16bfc363515200) Importer(815301076,1909f56bfc062723c751e8b465ee728b)  -> (artifact id: 'e1914439bbc7c49906227aaa040525c8') in 0.115901 seconds
  Import took 0.124971 seconds .

========================================================================
Received Import Request.
  Time since last request: 2.186202 seconds.
  path: Assets/Resources/Prefabs/industrial_robot_arm_claw.prefab
  artifactKey: Guid(b3f7ac2b48c2f3c4183ca871ad302a79) Importer(815301076,1909f56bfc062723c751e8b465ee728b)
Start importing Assets/Resources/Prefabs/industrial_robot_arm_claw.prefab using Guid(b3f7ac2b48c2f3c4183ca871ad302a79) Importer(815301076,1909f56bfc062723c751e8b465ee728b)  -> (artifact id: '38e810a3a637c233dc236515d99cc726') in 0.094932 seconds
  Import took 0.103882 seconds .

========================================================================
Received Prepare
Registering precompiled user dll's ...
Registered in 0.001365 seconds.
Begin MonoManager ReloadAssembly
Native extension for LinuxStandalone target not found
Native extension for WindowsStandalone target not found
Native extension for WebGL target not found
Refreshing native plugins compatible for Editor in 0.39 ms, found 0 plugins.
Preloading 0 native plugins for Editor in 0.00 ms.
Invoked RoslynAnalysisRunner static constructor.
RoslynAnalysisRunner will not be running.
RoslynAnalysisRunner has terminated.
Mono: successfully reloaded assembly
- Completed reload, in  1.744 seconds
Platform modules already initialized, skipping
Refreshing native plugins compatible for Editor in 0.39 ms, found 0 plugins.
Preloading 0 native plugins for Editor in 0.00 ms.
Unloading 1105 Unused Serialized files (Serialized files now loaded: 0)
System memory in use before: 74.8 MB.
System memory in use after: 74.8 MB.

Unloading 5 unused Assets to reduce memory usage. Loaded Objects now: 1592.
Total: 3.048800 ms (FindLiveObjects: 0.299000 ms CreateObjectMapping: 0.092000 ms MarkObjects: 2.539700 ms  DeleteObjects: 0.116200 ms)

========================================================================
Received Import Request.
  Time since last request: 77.099119 seconds.
  path: Assets/Resources/Animations/Industrial Robot Arm/Animations/industrial_robot_arm_automatic_anim.anim
  artifactKey: Guid(d896fc8026e69494992d42d5c8c69bf9) Importer(815301076,1909f56bfc062723c751e8b465ee728b)
Start importing Assets/Resources/Animations/Industrial Robot Arm/Animations/industrial_robot_arm_automatic_anim.anim using Guid(d896fc8026e69494992d42d5c8c69bf9) Importer(815301076,1909f56bfc062723c751e8b465ee728b)  -> (artifact id: 'd8919a9f4fd9d9f5fad31534e37bae65') in 0.034494 seconds
  Import took 0.038784 seconds .

========================================================================
Received Import Request.
  Time since last request: 29.994863 seconds.
  path: Assets/Resources/Animations/Industrial Robot Arm/industrial_robot_arm_automatic_animator.controller
  artifactKey: Guid(e83ef626f3b5b4b49a36a20c668276ae) Importer(815301076,1909f56bfc062723c751e8b465ee728b)
Start importing Assets/Resources/Animations/Industrial Robot Arm/industrial_robot_arm_automatic_animator.controller using Guid(e83ef626f3b5b4b49a36a20c668276ae) Importer(815301076,1909f56bfc062723c751e8b465ee728b)  -> (artifact id: '12a9f87c5ddaeaf569e8b0fe29d7cf7f') in 0.009154 seconds
  Import took 0.013147 seconds .

========================================================================
Received Import Request.
  Time since last request: 10.956953 seconds.
  path: Assets/Resources/Animations/Industrial Robot Arm/industrial_robot_arm_automatic_animator.controller
  artifactKey: Guid(e83ef626f3b5b4b49a36a20c668276ae) Importer(815301076,1909f56bfc062723c751e8b465ee728b)
Start importing Assets/Resources/Animations/Industrial Robot Arm/industrial_robot_arm_automatic_animator.controller using Guid(e83ef626f3b5b4b49a36a20c668276ae) Importer(815301076,1909f56bfc062723c751e8b465ee728b)  -> (artifact id: 'b0c7ca5640210672f1e506cef14392b3') in 0.007567 seconds
  Import took 0.012002 seconds .

========================================================================
Received Prepare
Registering precompiled user dll's ...
Registered in 0.001453 seconds.
Begin MonoManager ReloadAssembly
Native extension for LinuxStandalone target not found
Native extension for WindowsStandalone target not found
Native extension for WebGL target not found
Refreshing native plugins compatible for Editor in 0.37 ms, found 0 plugins.
Preloading 0 native plugins for Editor in 0.00 ms.
Invoked RoslynAnalysisRunner static constructor.
RoslynAnalysisRunner will not be running.
RoslynAnalysisRunner has terminated.
Mono: successfully reloaded assembly
- Completed reload, in  1.664 seconds
Platform modules already initialized, skipping
Refreshing native plugins compatible for Editor in 0.39 ms, found 0 plugins.
Preloading 0 native plugins for Editor in 0.00 ms.
Unloading 1105 Unused Serialized files (Serialized files now loaded: 0)
System memory in use before: 74.8 MB.
System memory in use after: 74.8 MB.

Unloading 5 unused Assets to reduce memory usage. Loaded Objects now: 1594.
Total: 3.277200 ms (FindLiveObjects: 0.320300 ms CreateObjectMapping: 0.097300 ms MarkObjects: 2.761600 ms  DeleteObjects: 0.096000 ms)

========================================================================
Received Prepare
Registering precompiled user dll's ...
Registered in 0.001369 seconds.
Begin MonoManager ReloadAssembly
Native extension for LinuxStandalone target not found
Native extension for WindowsStandalone target not found
Native extension for WebGL target not found
Refreshing native plugins compatible for Editor in 0.42 ms, found 0 plugins.
Preloading 0 native plugins for Editor in 0.00 ms.
Invoked RoslynAnalysisRunner static constructor.
RoslynAnalysisRunner will not be running.
RoslynAnalysisRunner has terminated.
Mono: successfully reloaded assembly
- Completed reload, in  1.687 seconds
Platform modules already initialized, skipping
Refreshing native plugins compatible for Editor in 0.38 ms, found 0 plugins.
Preloading 0 native plugins for Editor in 0.00 ms.
Unloading 1105 Unused Serialized files (Serialized files now loaded: 0)
System memory in use before: 74.8 MB.
System memory in use after: 74.9 MB.

Unloading 5 unused Assets to reduce memory usage. Loaded Objects now: 1596.
Total: 2.844800 ms (FindLiveObjects: 0.283800 ms CreateObjectMapping: 0.091200 ms MarkObjects: 2.372300 ms  DeleteObjects: 0.095700 ms)

========================================================================
Received Prepare
Registering precompiled user dll's ...
Registered in 0.002038 seconds.
Begin MonoManager ReloadAssembly
Native extension for LinuxStandalone target not found
Native extension for WindowsStandalone target not found
Native extension for WebGL target not found
Refreshing native plugins compatible for Editor in 0.41 ms, found 0 plugins.
Preloading 0 native plugins for Editor in 0.00 ms.
Invoked RoslynAnalysisRunner static constructor.
RoslynAnalysisRunner will not be running.
RoslynAnalysisRunner has terminated.
Mono: successfully reloaded assembly
- Completed reload, in  1.687 seconds
Platform modules already initialized, skipping
Refreshing native plugins compatible for Editor in 0.39 ms, found 0 plugins.
Preloading 0 native plugins for Editor in 0.00 ms.
Unloading 1105 Unused Serialized files (Serialized files now loaded: 0)
System memory in use before: 74.8 MB.
System memory in use after: 74.9 MB.

Unloading 5 unused Assets to reduce memory usage. Loaded Objects now: 1598.
Total: 2.977200 ms (FindLiveObjects: 0.315600 ms CreateObjectMapping: 0.093900 ms MarkObjects: 2.465900 ms  DeleteObjects: 0.099200 ms)

========================================================================
Received Prepare
Registering precompiled user dll's ...
Registered in 0.001473 seconds.
Begin MonoManager ReloadAssembly
Native extension for LinuxStandalone target not found
Native extension for WindowsStandalone target not found
Native extension for WebGL target not found
Refreshing native plugins compatible for Editor in 0.35 ms, found 0 plugins.
Preloading 0 native plugins for Editor in 0.00 ms.
Invoked RoslynAnalysisRunner static constructor.
RoslynAnalysisRunner will not be running.
RoslynAnalysisRunner has terminated.
Mono: successfully reloaded assembly
- Completed reload, in  1.681 seconds
Platform modules already initialized, skipping
Refreshing native plugins compatible for Editor in 0.43 ms, found 0 plugins.
Preloading 0 native plugins for Editor in 0.00 ms.
Unloading 1105 Unused Serialized files (Serialized files now loaded: 0)
System memory in use before: 74.8 MB.
System memory in use after: 74.9 MB.

Unloading 5 unused Assets to reduce memory usage. Loaded Objects now: 1600.
Total: 3.626600 ms (FindLiveObjects: 0.334900 ms CreateObjectMapping: 0.109000 ms MarkObjects: 3.073700 ms  DeleteObjects: 0.107200 ms)

========================================================================
Received Prepare
Registering precompiled user dll's ...
Registered in 0.002086 seconds.
Begin MonoManager ReloadAssembly
Native extension for LinuxStandalone target not found
Native extension for WindowsStandalone target not found
Native extension for WebGL target not found
Refreshing native plugins compatible for Editor in 0.41 ms, found 0 plugins.
Preloading 0 native plugins for Editor in 0.00 ms.
Invoked RoslynAnalysisRunner static constructor.
RoslynAnalysisRunner will not be running.
RoslynAnalysisRunner has terminated.
Mono: successfully reloaded assembly
- Completed reload, in  1.681 seconds
Platform modules already initialized, skipping
Refreshing native plugins compatible for Editor in 0.39 ms, found 0 plugins.
Preloading 0 native plugins for Editor in 0.00 ms.
Unloading 1105 Unused Serialized files (Serialized files now loaded: 0)
System memory in use before: 74.8 MB.
System memory in use after: 74.9 MB.

Unloading 5 unused Assets to reduce memory usage. Loaded Objects now: 1602.
Total: 3.200600 ms (FindLiveObjects: 0.417900 ms CreateObjectMapping: 0.096700 ms MarkObjects: 2.593200 ms  DeleteObjects: 0.091200 ms)

========================================================================
Received Prepare
Registering precompiled user dll's ...
Registered in 0.001550 seconds.
Begin MonoManager ReloadAssembly
Native extension for LinuxStandalone target not found
Native extension for WindowsStandalone target not found
Native extension for WebGL target not found
Refreshing native plugins compatible for Editor in 0.40 ms, found 0 plugins.
Preloading 0 native plugins for Editor in 0.00 ms.
Invoked RoslynAnalysisRunner static constructor.
RoslynAnalysisRunner will not be running.
RoslynAnalysisRunner has terminated.
Mono: successfully reloaded assembly
- Completed reload, in  1.639 seconds
Platform modules already initialized, skipping
Refreshing native plugins compatible for Editor in 0.39 ms, found 0 plugins.
Preloading 0 native plugins for Editor in 0.00 ms.
Unloading 1105 Unused Serialized files (Serialized files now loaded: 0)
System memory in use before: 74.8 MB.
System memory in use after: 74.9 MB.

Unloading 5 unused Assets to reduce memory usage. Loaded Objects now: 1604.
Total: 2.829300 ms (FindLiveObjects: 0.297300 ms CreateObjectMapping: 0.093300 ms MarkObjects: 2.335200 ms  DeleteObjects: 0.101700 ms)

========================================================================
Received Prepare
Registering precompiled user dll's ...
Registered in 0.001380 seconds.
Begin MonoManager ReloadAssembly
Native extension for LinuxStandalone target not found
Native extension for WindowsStandalone target not found
Native extension for WebGL target not found
Refreshing native plugins compatible for Editor in 0.39 ms, found 0 plugins.
Preloading 0 native plugins for Editor in 0.00 ms.
Invoked RoslynAnalysisRunner static constructor.
RoslynAnalysisRunner will not be running.
RoslynAnalysisRunner has terminated.
Mono: successfully reloaded assembly
- Completed reload, in  1.708 seconds
Platform modules already initialized, skipping
Refreshing native plugins compatible for Editor in 0.44 ms, found 0 plugins.
Preloading 0 native plugins for Editor in 0.00 ms.
Unloading 1105 Unused Serialized files (Serialized files now loaded: 0)
System memory in use before: 74.8 MB.
System memory in use after: 74.9 MB.

Unloading 5 unused Assets to reduce memory usage. Loaded Objects now: 1606.
Total: 2.953800 ms (FindLiveObjects: 0.273000 ms CreateObjectMapping: 0.093200 ms MarkObjects: 2.492000 ms  DeleteObjects: 0.093900 ms)

========================================================================
Received Prepare
Registering precompiled user dll's ...
Registered in 0.001199 seconds.
Begin MonoManager ReloadAssembly
Native extension for LinuxStandalone target not found
Native extension for WindowsStandalone target not found
Native extension for WebGL target not found
Refreshing native plugins compatible for Editor in 0.40 ms, found 0 plugins.
Preloading 0 native plugins for Editor in 0.00 ms.
Invoked RoslynAnalysisRunner static constructor.
RoslynAnalysisRunner will not be running.
RoslynAnalysisRunner has terminated.
Mono: successfully reloaded assembly
- Completed reload, in  1.668 seconds
Platform modules already initialized, skipping
Refreshing native plugins compatible for Editor in 0.39 ms, found 0 plugins.
Preloading 0 native plugins for Editor in 0.00 ms.
Unloading 1105 Unused Serialized files (Serialized files now loaded: 0)
System memory in use before: 74.8 MB.
System memory in use after: 74.9 MB.

Unloading 5 unused Assets to reduce memory usage. Loaded Objects now: 1608.
Total: 3.147900 ms (FindLiveObjects: 0.307700 ms CreateObjectMapping: 0.101700 ms MarkObjects: 2.641400 ms  DeleteObjects: 0.095600 ms)

========================================================================
Received Prepare
Registering precompiled user dll's ...
Registered in 0.001599 seconds.
Begin MonoManager ReloadAssembly
Native extension for LinuxStandalone target not found
Native extension for WindowsStandalone target not found
Native extension for WebGL target not found
Refreshing native plugins compatible for Editor in 0.37 ms, found 0 plugins.
Preloading 0 native plugins for Editor in 0.00 ms.
Invoked RoslynAnalysisRunner static constructor.
RoslynAnalysisRunner will not be running.
RoslynAnalysisRunner has terminated.
Mono: successfully reloaded assembly
- Completed reload, in  1.639 seconds
Platform modules already initialized, skipping
Refreshing native plugins compatible for Editor in 0.41 ms, found 0 plugins.
Preloading 0 native plugins for Editor in 0.00 ms.
Unloading 1105 Unused Serialized files (Serialized files now loaded: 0)
System memory in use before: 74.8 MB.
System memory in use after: 74.9 MB.

Unloading 5 unused Assets to reduce memory usage. Loaded Objects now: 1610.
Total: 2.692400 ms (FindLiveObjects: 0.293800 ms CreateObjectMapping: 0.092000 ms MarkObjects: 2.210000 ms  DeleteObjects: 0.094800 ms)

========================================================================
Received Prepare
Registering precompiled user dll's ...
Registered in 0.001592 seconds.
Begin MonoManager ReloadAssembly
Native extension for LinuxStandalone target not found
Native extension for WindowsStandalone target not found
Native extension for WebGL target not found
Refreshing native plugins compatible for Editor in 0.41 ms, found 0 plugins.
Preloading 0 native plugins for Editor in 0.00 ms.
Invoked RoslynAnalysisRunner static constructor.
RoslynAnalysisRunner will not be running.
RoslynAnalysisRunner has terminated.
Mono: successfully reloaded assembly
- Completed reload, in  1.664 seconds
Platform modules already initialized, skipping
Refreshing native plugins compatible for Editor in 0.38 ms, found 0 plugins.
Preloading 0 native plugins for Editor in 0.00 ms.
Unloading 1105 Unused Serialized files (Serialized files now loaded: 0)
System memory in use before: 74.8 MB.
System memory in use after: 74.9 MB.

Unloading 5 unused Assets to reduce memory usage. Loaded Objects now: 1612.
Total: 3.003900 ms (FindLiveObjects: 0.310200 ms CreateObjectMapping: 0.091700 ms MarkObjects: 2.508700 ms  DeleteObjects: 0.091500 ms)

========================================================================
Received Prepare
Registering precompiled user dll's ...
Registered in 0.001359 seconds.
Begin MonoManager ReloadAssembly
Native extension for LinuxStandalone target not found
Native extension for WindowsStandalone target not found
Native extension for WebGL target not found
Refreshing native plugins compatible for Editor in 0.42 ms, found 0 plugins.
Preloading 0 native plugins for Editor in 0.00 ms.
Invoked RoslynAnalysisRunner static constructor.
RoslynAnalysisRunner will not be running.
RoslynAnalysisRunner has terminated.
Mono: successfully reloaded assembly
- Completed reload, in  1.678 seconds
Platform modules already initialized, skipping
Refreshing native plugins compatible for Editor in 0.40 ms, found 0 plugins.
Preloading 0 native plugins for Editor in 0.00 ms.
Unloading 1105 Unused Serialized files (Serialized files now loaded: 0)
System memory in use before: 74.8 MB.
System memory in use after: 74.9 MB.

Unloading 5 unused Assets to reduce memory usage. Loaded Objects now: 1614.
Total: 2.964200 ms (FindLiveObjects: 0.323100 ms CreateObjectMapping: 0.092200 ms MarkObjects: 2.453500 ms  DeleteObjects: 0.093900 ms)

========================================================================
Received Prepare
Registering precompiled user dll's ...
Registered in 0.001526 seconds.
Begin MonoManager ReloadAssembly
Native extension for LinuxStandalone target not found
Native extension for WindowsStandalone target not found
Native extension for WebGL target not found
Refreshing native plugins compatible for Editor in 0.41 ms, found 0 plugins.
Preloading 0 native plugins for Editor in 0.00 ms.
Invoked RoslynAnalysisRunner static constructor.
RoslynAnalysisRunner will not be running.
RoslynAnalysisRunner has terminated.
Mono: successfully reloaded assembly
- Completed reload, in  1.660 seconds
Platform modules already initialized, skipping
Refreshing native plugins compatible for Editor in 0.38 ms, found 0 plugins.
Preloading 0 native plugins for Editor in 0.00 ms.
Unloading 1105 Unused Serialized files (Serialized files now loaded: 0)
System memory in use before: 74.8 MB.
System memory in use after: 74.9 MB.

Unloading 5 unused Assets to reduce memory usage. Loaded Objects now: 1616.
Total: 3.164100 ms (FindLiveObjects: 0.330000 ms CreateObjectMapping: 0.105000 ms MarkObjects: 2.633600 ms  DeleteObjects: 0.093700 ms)

========================================================================
Received Prepare
Registering precompiled user dll's ...
Registered in 0.001530 seconds.
Begin MonoManager ReloadAssembly
Native extension for LinuxStandalone target not found
Native extension for WindowsStandalone target not found
Native extension for WebGL target not found
Refreshing native plugins compatible for Editor in 0.40 ms, found 0 plugins.
Preloading 0 native plugins for Editor in 0.00 ms.
Invoked RoslynAnalysisRunner static constructor.
RoslynAnalysisRunner will not be running.
RoslynAnalysisRunner has terminated.
Mono: successfully reloaded assembly
- Completed reload, in  1.870 seconds
Platform modules already initialized, skipping
Refreshing native plugins compatible for Editor in 0.38 ms, found 0 plugins.
Preloading 0 native plugins for Editor in 0.00 ms.
Unloading 1105 Unused Serialized files (Serialized files now loaded: 0)
System memory in use before: 74.8 MB.
System memory in use after: 74.9 MB.

Unloading 5 unused Assets to reduce memory usage. Loaded Objects now: 1618.
Total: 3.393000 ms (FindLiveObjects: 0.327900 ms CreateObjectMapping: 0.096200 ms MarkObjects: 2.869000 ms  DeleteObjects: 0.098400 ms)

========================================================================
Received Prepare
Registering precompiled user dll's ...
Registered in 0.001504 seconds.
Begin MonoManager ReloadAssembly
Native extension for LinuxStandalone target not found
Native extension for WindowsStandalone target not found
Native extension for WebGL target not found
Refreshing native plugins compatible for Editor in 0.43 ms, found 0 plugins.
Preloading 0 native plugins for Editor in 0.00 ms.
Invoked RoslynAnalysisRunner static constructor.
RoslynAnalysisRunner will not be running.
RoslynAnalysisRunner has terminated.
Mono: successfully reloaded assembly
- Completed reload, in  1.591 seconds
Platform modules already initialized, skipping
Refreshing native plugins compatible for Editor in 0.39 ms, found 0 plugins.
Preloading 0 native plugins for Editor in 0.00 ms.
Unloading 1105 Unused Serialized files (Serialized files now loaded: 0)
System memory in use before: 74.8 MB.
System memory in use after: 74.9 MB.

Unloading 5 unused Assets to reduce memory usage. Loaded Objects now: 1620.
Total: 3.009700 ms (FindLiveObjects: 0.308700 ms CreateObjectMapping: 0.092700 ms MarkObjects: 2.517100 ms  DeleteObjects: 0.089400 ms)

========================================================================
Received Prepare
Registering precompiled user dll's ...
Registered in 0.001584 seconds.
Begin MonoManager ReloadAssembly
Native extension for LinuxStandalone target not found
Native extension for WindowsStandalone target not found
Native extension for WebGL target not found
Refreshing native plugins compatible for Editor in 0.41 ms, found 0 plugins.
Preloading 0 native plugins for Editor in 0.00 ms.
Invoked RoslynAnalysisRunner static constructor.
RoslynAnalysisRunner will not be running.
RoslynAnalysisRunner has terminated.
Mono: successfully reloaded assembly
- Completed reload, in  1.789 seconds
Platform modules already initialized, skipping
Refreshing native plugins compatible for Editor in 0.41 ms, found 0 plugins.
Preloading 0 native plugins for Editor in 0.00 ms.
Unloading 1105 Unused Serialized files (Serialized files now loaded: 0)
System memory in use before: 74.8 MB.
System memory in use after: 74.9 MB.

Unloading 5 unused Assets to reduce memory usage. Loaded Objects now: 1622.
Total: 3.439100 ms (FindLiveObjects: 0.333900 ms CreateObjectMapping: 0.099600 ms MarkObjects: 2.905500 ms  DeleteObjects: 0.097800 ms)

========================================================================
Received Import Request.
  Time since last request: 2307.871669 seconds.
  path: Assets/Scripts/MenuUI.cs
  artifactKey: Guid(2f4f71fea68d1d748a565fd8f5eab96a) Importer(815301076,1909f56bfc062723c751e8b465ee728b)
Start importing Assets/Scripts/MenuUI.cs using Guid(2f4f71fea68d1d748a565fd8f5eab96a) Importer(815301076,1909f56bfc062723c751e8b465ee728b)  -> (artifact id: '1f32c3c95ed702e1eb8bfac7244758ee') in 0.022358 seconds
  Import took 0.026746 seconds .

========================================================================
Received Prepare
Registering precompiled user dll's ...
Registered in 0.007220 seconds.
Begin MonoManager ReloadAssembly
Native extension for LinuxStandalone target not found
Native extension for WindowsStandalone target not found
Native extension for WebGL target not found
Refreshing native plugins compatible for Editor in 0.40 ms, found 0 plugins.
Preloading 0 native plugins for Editor in 0.00 ms.
Invoked RoslynAnalysisRunner static constructor.
RoslynAnalysisRunner will not be running.
RoslynAnalysisRunner has terminated.
Mono: successfully reloaded assembly
- Completed reload, in  3.052 seconds
Platform modules already initialized, skipping
Refreshing native plugins compatible for Editor in 0.43 ms, found 0 plugins.
Preloading 0 native plugins for Editor in 0.00 ms.
Unloading 1106 Unused Serialized files (Serialized files now loaded: 0)
System memory in use before: 74.9 MB.
System memory in use after: 74.9 MB.

Unloading 5 unused Assets to reduce memory usage. Loaded Objects now: 1625.
Total: 4.052200 ms (FindLiveObjects: 0.470700 ms CreateObjectMapping: 0.105200 ms MarkObjects: 3.366800 ms  DeleteObjects: 0.107000 ms)

========================================================================
Received Prepare
Registering precompiled user dll's ...
Registered in 0.001236 seconds.
Begin MonoManager ReloadAssembly
Native extension for LinuxStandalone target not found
Native extension for WindowsStandalone target not found
Native extension for WebGL target not found
Refreshing native plugins compatible for Editor in 0.41 ms, found 0 plugins.
Preloading 0 native plugins for Editor in 0.00 ms.
Invoked RoslynAnalysisRunner static constructor.
RoslynAnalysisRunner will not be running.
RoslynAnalysisRunner has terminated.
Mono: successfully reloaded assembly
- Completed reload, in  1.674 seconds
Platform modules already initialized, skipping
Refreshing native plugins compatible for Editor in 0.50 ms, found 0 plugins.
Preloading 0 native plugins for Editor in 0.00 ms.
Unloading 1106 Unused Serialized files (Serialized files now loaded: 0)
System memory in use before: 74.9 MB.
System memory in use after: 74.9 MB.

Unloading 5 unused Assets to reduce memory usage. Loaded Objects now: 1627.
Total: 3.204200 ms (FindLiveObjects: 0.275500 ms CreateObjectMapping: 0.094400 ms MarkObjects: 2.743800 ms  DeleteObjects: 0.088500 ms)

========================================================================
Received Import Request.
  Time since last request: 266.606164 seconds.
  path: Assets/Scripts/MenuUI.cs
  artifactKey: Guid(2f4f71fea68d1d748a565fd8f5eab96a) Importer(815301076,1909f56bfc062723c751e8b465ee728b)
Start importing Assets/Scripts/MenuUI.cs using Guid(2f4f71fea68d1d748a565fd8f5eab96a) Importer(815301076,1909f56bfc062723c751e8b465ee728b)  -> (artifact id: '28f90cd59c1717cd0e5a65204ffcb8ad') in 0.009777 seconds
  Import took 0.013603 seconds .

========================================================================
Received Import Request.
  Time since last request: 13.701124 seconds.
  path: Assets/Scripts/UI
  artifactKey: Guid(77c29401ace35c5418cb8cba1dc362ce) Importer(815301076,1909f56bfc062723c751e8b465ee728b)
Start importing Assets/Scripts/UI using Guid(77c29401ace35c5418cb8cba1dc362ce) Importer(815301076,1909f56bfc062723c751e8b465ee728b)  -> (artifact id: '2e2a1c243db1f0315c7094978ade48be') in 0.006681 seconds
  Import took 0.010434 seconds .

========================================================================
Received Prepare
Registering precompiled user dll's ...
Registered in 0.001480 seconds.
Begin MonoManager ReloadAssembly
Native extension for LinuxStandalone target not found
Native extension for WindowsStandalone target not found
Native extension for WebGL target not found
Refreshing native plugins compatible for Editor in 0.43 ms, found 0 plugins.
Preloading 0 native plugins for Editor in 0.00 ms.
Invoked RoslynAnalysisRunner static constructor.
RoslynAnalysisRunner will not be running.
RoslynAnalysisRunner has terminated.
Mono: successfully reloaded assembly
- Completed reload, in  1.786 seconds
Platform modules already initialized, skipping
Refreshing native plugins compatible for Editor in 0.39 ms, found 0 plugins.
Preloading 0 native plugins for Editor in 0.00 ms.
Unloading 1106 Unused Serialized files (Serialized files now loaded: 0)
System memory in use before: 74.9 MB.
System memory in use after: 74.9 MB.

Unloading 5 unused Assets to reduce memory usage. Loaded Objects now: 1629.
Total: 2.820600 ms (FindLiveObjects: 0.315000 ms CreateObjectMapping: 0.095600 ms MarkObjects: 2.310800 ms  DeleteObjects: 0.097500 ms)

========================================================================
Received Prepare
Registering precompiled user dll's ...
Registered in 0.001512 seconds.
Begin MonoManager ReloadAssembly
Native extension for LinuxStandalone target not found
Native extension for WindowsStandalone target not found
Native extension for WebGL target not found
Refreshing native plugins compatible for Editor in 0.44 ms, found 0 plugins.
Preloading 0 native plugins for Editor in 0.00 ms.
Invoked RoslynAnalysisRunner static constructor.
RoslynAnalysisRunner will not be running.
RoslynAnalysisRunner has terminated.
Mono: successfully reloaded assembly
- Completed reload, in  1.726 seconds
Platform modules already initialized, skipping
Refreshing native plugins compatible for Editor in 0.41 ms, found 0 plugins.
Preloading 0 native plugins for Editor in 0.00 ms.
Unloading 1106 Unused Serialized files (Serialized files now loaded: 0)
System memory in use before: 74.9 MB.
System memory in use after: 74.9 MB.

Unloading 5 unused Assets to reduce memory usage. Loaded Objects now: 1631.
Total: 3.345500 ms (FindLiveObjects: 0.290600 ms CreateObjectMapping: 0.093000 ms MarkObjects: 2.860500 ms  DeleteObjects: 0.099700 ms)

========================================================================
Received Prepare
Registering precompiled user dll's ...
Registered in 0.001243 seconds.
Begin MonoManager ReloadAssembly
Native extension for LinuxStandalone target not found
Native extension for WindowsStandalone target not found
Native extension for WebGL target not found
Refreshing native plugins compatible for Editor in 0.40 ms, found 0 plugins.
Preloading 0 native plugins for Editor in 0.00 ms.
Invoked RoslynAnalysisRunner static constructor.
RoslynAnalysisRunner will not be running.
RoslynAnalysisRunner has terminated.
Mono: successfully reloaded assembly
- Completed reload, in  1.681 seconds
Platform modules already initialized, skipping
Refreshing native plugins compatible for Editor in 0.41 ms, found 0 plugins.
Preloading 0 native plugins for Editor in 0.00 ms.
Unloading 1106 Unused Serialized files (Serialized files now loaded: 0)
System memory in use before: 74.9 MB.
System memory in use after: 75.0 MB.

Unloading 5 unused Assets to reduce memory usage. Loaded Objects now: 1633.
Total: 2.988300 ms (FindLiveObjects: 0.295500 ms CreateObjectMapping: 0.095100 ms MarkObjects: 2.501300 ms  DeleteObjects: 0.094900 ms)

========================================================================
Received Prepare
Registering precompiled user dll's ...
Registered in 0.001388 seconds.
Begin MonoManager ReloadAssembly
Native extension for LinuxStandalone target not found
Native extension for WindowsStandalone target not found
Native extension for WebGL target not found
Refreshing native plugins compatible for Editor in 0.40 ms, found 0 plugins.
Preloading 0 native plugins for Editor in 0.00 ms.
Invoked RoslynAnalysisRunner static constructor.
RoslynAnalysisRunner will not be running.
RoslynAnalysisRunner has terminated.
Mono: successfully reloaded assembly
- Completed reload, in  1.621 seconds
Platform modules already initialized, skipping
Refreshing native plugins compatible for Editor in 0.39 ms, found 0 plugins.
Preloading 0 native plugins for Editor in 0.00 ms.
Unloading 1106 Unused Serialized files (Serialized files now loaded: 0)
System memory in use before: 74.9 MB.
System memory in use after: 75.0 MB.

Unloading 5 unused Assets to reduce memory usage. Loaded Objects now: 1635.
Total: 3.917700 ms (FindLiveObjects: 0.583300 ms CreateObjectMapping: 0.133300 ms MarkObjects: 3.092400 ms  DeleteObjects: 0.106500 ms)

========================================================================
Received Import Request.
  Time since last request: 338.031967 seconds.
  path: Assets/Scripts/Level/LevelController.cs
  artifactKey: Guid(710b47dab23fef143b323cb1498a9d08) Importer(815301076,1909f56bfc062723c751e8b465ee728b)
Start importing Assets/Scripts/Level/LevelController.cs using Guid(710b47dab23fef143b323cb1498a9d08) Importer(815301076,1909f56bfc062723c751e8b465ee728b)  -> (artifact id: '1a7c22041fe91c102845710242be0b1b') in 0.017928 seconds
  Import took 0.022105 seconds .

========================================================================
Received Prepare
Registering precompiled user dll's ...
Registered in 0.001567 seconds.
Begin MonoManager ReloadAssembly
Native extension for LinuxStandalone target not found
Native extension for WindowsStandalone target not found
Native extension for WebGL target not found
Refreshing native plugins compatible for Editor in 0.40 ms, found 0 plugins.
Preloading 0 native plugins for Editor in 0.00 ms.
Invoked RoslynAnalysisRunner static constructor.
RoslynAnalysisRunner will not be running.
RoslynAnalysisRunner has terminated.
Mono: successfully reloaded assembly
- Completed reload, in  1.769 seconds
Platform modules already initialized, skipping
Refreshing native plugins compatible for Editor in 0.40 ms, found 0 plugins.
Preloading 0 native plugins for Editor in 0.00 ms.
Unloading 1106 Unused Serialized files (Serialized files now loaded: 0)
System memory in use before: 74.9 MB.
System memory in use after: 75.0 MB.

Unloading 5 unused Assets to reduce memory usage. Loaded Objects now: 1637.
Total: 3.346600 ms (FindLiveObjects: 0.334200 ms CreateObjectMapping: 0.095200 ms MarkObjects: 2.819300 ms  DeleteObjects: 0.095700 ms)

========================================================================
Received Import Request.
  Time since last request: 170.508032 seconds.
  path: Assets/Scripts/Level/LevelController.cs
  artifactKey: Guid(710b47dab23fef143b323cb1498a9d08) Importer(815301076,1909f56bfc062723c751e8b465ee728b)
Start importing Assets/Scripts/Level/LevelController.cs using Guid(710b47dab23fef143b323cb1498a9d08) Importer(815301076,1909f56bfc062723c751e8b465ee728b)  -> (artifact id: 'f46bf34953def51c88aa20db40593693') in 0.009157 seconds
  Import took 0.012741 seconds .

========================================================================
Received Import Request.
  Time since last request: 11.290187 seconds.
  path: Assets/Scripts/Functional/GrabbableObjectReceiver.cs
  artifactKey: Guid(2b7dca7c12588604787c92066fed5abf) Importer(815301076,1909f56bfc062723c751e8b465ee728b)
Start importing Assets/Scripts/Functional/GrabbableObjectReceiver.cs using Guid(2b7dca7c12588604787c92066fed5abf) Importer(815301076,1909f56bfc062723c751e8b465ee728b)  -> (artifact id: 'd6feaafaf78888833b813f87c411177d') in 0.016197 seconds
  Import took 0.019876 seconds .

========================================================================
Received Prepare
Registering precompiled user dll's ...
Registered in 0.001536 seconds.
Begin MonoManager ReloadAssembly
Native extension for LinuxStandalone target not found
Native extension for WindowsStandalone target not found
Native extension for WebGL target not found
Refreshing native plugins compatible for Editor in 0.40 ms, found 0 plugins.
Preloading 0 native plugins for Editor in 0.00 ms.
Invoked RoslynAnalysisRunner static constructor.
RoslynAnalysisRunner will not be running.
RoslynAnalysisRunner has terminated.
Mono: successfully reloaded assembly
- Completed reload, in  1.687 seconds
Platform modules already initialized, skipping
Refreshing native plugins compatible for Editor in 0.39 ms, found 0 plugins.
Preloading 0 native plugins for Editor in 0.00 ms.
Unloading 1106 Unused Serialized files (Serialized files now loaded: 0)
System memory in use before: 74.9 MB.
System memory in use after: 75.0 MB.

Unloading 5 unused Assets to reduce memory usage. Loaded Objects now: 1639.
Total: 2.986300 ms (FindLiveObjects: 0.274800 ms CreateObjectMapping: 0.093200 ms MarkObjects: 2.512400 ms  DeleteObjects: 0.104700 ms)

========================================================================
Received Import Request.
  Time since last request: 271.964184 seconds.
  path: Assets/Scripts/Functional/GrabbableObjectReceiver.cs
  artifactKey: Guid(2b7dca7c12588604787c92066fed5abf) Importer(815301076,1909f56bfc062723c751e8b465ee728b)
Start importing Assets/Scripts/Functional/GrabbableObjectReceiver.cs using Guid(2b7dca7c12588604787c92066fed5abf) Importer(815301076,1909f56bfc062723c751e8b465ee728b)  -> (artifact id: '09ef0515faadeb5efed9624f7a1530c2') in 0.009406 seconds
  Import took 0.013031 seconds .

========================================================================
Received Prepare
Registering precompiled user dll's ...
Registered in 0.001505 seconds.
Begin MonoManager ReloadAssembly
Native extension for LinuxStandalone target not found
Native extension for WindowsStandalone target not found
Native extension for WebGL target not found
Refreshing native plugins compatible for Editor in 0.40 ms, found 0 plugins.
Preloading 0 native plugins for Editor in 0.00 ms.
Invoked RoslynAnalysisRunner static constructor.
RoslynAnalysisRunner will not be running.
RoslynAnalysisRunner has terminated.
Mono: successfully reloaded assembly
- Completed reload, in  1.720 seconds
Platform modules already initialized, skipping
Refreshing native plugins compatible for Editor in 0.40 ms, found 0 plugins.
Preloading 0 native plugins for Editor in 0.00 ms.
Unloading 1106 Unused Serialized files (Serialized files now loaded: 0)
System memory in use before: 74.9 MB.
System memory in use after: 75.0 MB.

Unloading 5 unused Assets to reduce memory usage. Loaded Objects now: 1641.
Total: 3.708200 ms (FindLiveObjects: 0.300500 ms CreateObjectMapping: 0.097200 ms MarkObjects: 3.191900 ms  DeleteObjects: 0.117000 ms)

========================================================================
Received Prepare
Registering precompiled user dll's ...
Registered in 0.002310 seconds.
Begin MonoManager ReloadAssembly
Native extension for LinuxStandalone target not found
Native extension for WindowsStandalone target not found
Native extension for WebGL target not found
Refreshing native plugins compatible for Editor in 0.44 ms, found 0 plugins.
Preloading 0 native plugins for Editor in 0.00 ms.
Invoked RoslynAnalysisRunner static constructor.
RoslynAnalysisRunner will not be running.
RoslynAnalysisRunner has terminated.
Mono: successfully reloaded assembly
- Completed reload, in  1.684 seconds
Platform modules already initialized, skipping
Refreshing native plugins compatible for Editor in 0.47 ms, found 0 plugins.
Preloading 0 native plugins for Editor in 0.00 ms.
Unloading 1106 Unused Serialized files (Serialized files now loaded: 0)
System memory in use before: 74.9 MB.
System memory in use after: 75.0 MB.

Unloading 5 unused Assets to reduce memory usage. Loaded Objects now: 1643.
Total: 2.924300 ms (FindLiveObjects: 0.339300 ms CreateObjectMapping: 0.101600 ms MarkObjects: 2.377400 ms  DeleteObjects: 0.104100 ms)

========================================================================
Received Prepare
Registering precompiled user dll's ...
Registered in 0.001487 seconds.
Begin MonoManager ReloadAssembly
Native extension for LinuxStandalone target not found
Native extension for WindowsStandalone target not found
Native extension for WebGL target not found
Refreshing native plugins compatible for Editor in 0.41 ms, found 0 plugins.
Preloading 0 native plugins for Editor in 0.00 ms.
Invoked RoslynAnalysisRunner static constructor.
RoslynAnalysisRunner will not be running.
RoslynAnalysisRunner has terminated.
Mono: successfully reloaded assembly
- Completed reload, in  1.682 seconds
Platform modules already initialized, skipping
Refreshing native plugins compatible for Editor in 0.40 ms, found 0 plugins.
Preloading 0 native plugins for Editor in 0.00 ms.
Unloading 1106 Unused Serialized files (Serialized files now loaded: 0)
System memory in use before: 74.9 MB.
System memory in use after: 75.0 MB.

Unloading 5 unused Assets to reduce memory usage. Loaded Objects now: 1645.
Total: 3.297100 ms (FindLiveObjects: 0.320300 ms CreateObjectMapping: 0.099100 ms MarkObjects: 2.779500 ms  DeleteObjects: 0.096400 ms)

========================================================================
Received Prepare
Registering precompiled user dll's ...
Registered in 0.001803 seconds.
Begin MonoManager ReloadAssembly
Native extension for LinuxStandalone target not found
Native extension for WindowsStandalone target not found
Native extension for WebGL target not found
Refreshing native plugins compatible for Editor in 0.39 ms, found 0 plugins.
Preloading 0 native plugins for Editor in 0.00 ms.
Invoked RoslynAnalysisRunner static constructor.
RoslynAnalysisRunner will not be running.
RoslynAnalysisRunner has terminated.
Mono: successfully reloaded assembly
- Completed reload, in  1.682 seconds
Platform modules already initialized, skipping
Refreshing native plugins compatible for Editor in 0.40 ms, found 0 plugins.
Preloading 0 native plugins for Editor in 0.00 ms.
Unloading 1106 Unused Serialized files (Serialized files now loaded: 0)
System memory in use before: 74.9 MB.
System memory in use after: 75.0 MB.

Unloading 5 unused Assets to reduce memory usage. Loaded Objects now: 1647.
Total: 2.952200 ms (FindLiveObjects: 0.272900 ms CreateObjectMapping: 0.094700 ms MarkObjects: 2.484300 ms  DeleteObjects: 0.098300 ms)

========================================================================
Received Import Request.
  Time since last request: 513.009250 seconds.
  path: Assets/Resources/2D/Sprites
  artifactKey: Guid(79818dac11b1b1743aa1425b37a81958) Importer(815301076,1909f56bfc062723c751e8b465ee728b)
Start importing Assets/Resources/2D/Sprites using Guid(79818dac11b1b1743aa1425b37a81958) Importer(815301076,1909f56bfc062723c751e8b465ee728b)  -> (artifact id: 'e118b0ca5d1279b9ab5df7d4632834ae') in 0.018962 seconds
  Import took 0.022913 seconds .

========================================================================
Received Import Request.
  Time since last request: 5.193734 seconds.
  path: Assets/Resources/2D/Sprites/star_particle_white.png
  artifactKey: Guid(45ce6062d7a39024782af6cf345e7b93) Importer(815301076,1909f56bfc062723c751e8b465ee728b)
Start importing Assets/Resources/2D/Sprites/star_particle_white.png using Guid(45ce6062d7a39024782af6cf345e7b93) Importer(815301076,1909f56bfc062723c751e8b465ee728b)  -> (artifact id: '3e190793bdfd88af49c6aaf403af2030') in 0.163235 seconds
  Import took 0.166861 seconds .

========================================================================
Received Import Request.
  Time since last request: 8.810018 seconds.
  path: Assets/Resources/2D/Sprites/star_particle_white.png
  artifactKey: Guid(45ce6062d7a39024782af6cf345e7b93) Importer(815301076,1909f56bfc062723c751e8b465ee728b)
Start importing Assets/Resources/2D/Sprites/star_particle_white.png using Guid(45ce6062d7a39024782af6cf345e7b93) Importer(815301076,1909f56bfc062723c751e8b465ee728b)  -> (artifact id: '843e07b1241a3e5f413c34ce1f52ffdb') in 0.053456 seconds
  Import took 0.057337 seconds .

========================================================================
Received Import Request.
  Time since last request: 20.268169 seconds.
  path: Assets/Resources/Materials/Particles
  artifactKey: Guid(eacbc67218c19ad46ab8cf3de860759a) Importer(815301076,1909f56bfc062723c751e8b465ee728b)
Start importing Assets/Resources/Materials/Particles using Guid(eacbc67218c19ad46ab8cf3de860759a) Importer(815301076,1909f56bfc062723c751e8b465ee728b)  -> (artifact id: '9e0c792035ed8b9d44d6370e218ee2b2') in 0.014334 seconds
  Import took 0.017918 seconds .

========================================================================
Received Import Request.
  Time since last request: 29.415231 seconds.
  path: Assets/Resources/2D/Textures/Industrial Robot Arm/blue/low_kuka_BaseColor.tga
  artifactKey: Guid(b1c54effd3c434c4380736a4405faceb) Importer(815301076,1909f56bfc062723c751e8b465ee728b)
Start importing Assets/Resources/2D/Textures/Industrial Robot Arm/blue/low_kuka_BaseColor.tga using Guid(b1c54effd3c434c4380736a4405faceb) Importer(815301076,1909f56bfc062723c751e8b465ee728b)  -> (artifact id: 'cc391da3fe73aba86408c423ef4e5127') in 0.043653 seconds
  Import took 0.047459 seconds .

========================================================================
Received Import Request.
  Time since last request: 0.000362 seconds.
  path: Assets/Scenes/SampleScene/ReflectionProbe-0.exr
  artifactKey: Guid(4f6e6f523625df3408b7a334c97ff0a0) Importer(815301076,1909f56bfc062723c751e8b465ee728b)
Start importing Assets/Scenes/SampleScene/ReflectionProbe-0.exr using Guid(4f6e6f523625df3408b7a334c97ff0a0) Importer(815301076,1909f56bfc062723c751e8b465ee728b)  -> (artifact id: 'dd3eabb2abfb0afa8d45589ed8b61a2e') in 0.099623 seconds
  Import took 0.103458 seconds .

========================================================================
Received Import Request.
  Time since last request: 0.000340 seconds.
  path: Assets/Resources/2D/Textures/Industrial Robot Arm/blue/low_kuka_BaseColor.tga
  artifactKey: Guid(b1c54effd3c434c4380736a4405faceb) Importer(815301076,1909f56bfc062723c751e8b465ee728b)
Start importing Assets/Resources/2D/Textures/Industrial Robot Arm/blue/low_kuka_BaseColor.tga using Guid(b1c54effd3c434c4380736a4405faceb) Importer(815301076,1909f56bfc062723c751e8b465ee728b)  -> (artifact id: 'cc391da3fe73aba86408c423ef4e5127') in 0.025689 seconds
  Import took 0.029583 seconds .

========================================================================
Received Import Request.
  Time since last request: 0.000349 seconds.
  path: Assets/Resources/2D/Textures/Industrial Robot Arm/blue/low_kuka_Normal.tga
  artifactKey: Guid(558f2b1db942ed94ca9ff04e3cf57474) Importer(815301076,1909f56bfc062723c751e8b465ee728b)
Start importing Assets/Resources/2D/Textures/Industrial Robot Arm/blue/low_kuka_Normal.tga using Guid(558f2b1db942ed94ca9ff04e3cf57474) Importer(815301076,1909f56bfc062723c751e8b465ee728b)  -> (artifact id: '21a837e807addd269f52a55bf748c9d5') in 0.048078 seconds
  Import took 0.051657 seconds .

========================================================================
Received Import Request.
  Time since last request: 0.000467 seconds.
  path: Assets/Resources/2D/Textures/Industrial Robot Arm/blue/low_kuka_Roughness.tga
  artifactKey: Guid(c1cf8e5816f88c44d94ddae5b54fa1f2) Importer(815301076,1909f56bfc062723c751e8b465ee728b)
Start importing Assets/Resources/2D/Textures/Industrial Robot Arm/blue/low_kuka_Roughness.tga using Guid(c1cf8e5816f88c44d94ddae5b54fa1f2) Importer(815301076,1909f56bfc062723c751e8b465ee728b)  -> (artifact id: '61fdc0ae9b42736825faf9221c44acf0') in 0.035738 seconds
  Import took 0.039422 seconds .

========================================================================
Received Import Request.
  Time since last request: 0.005239 seconds.
  path: Assets/Resources/2D/Textures/Industrial Robot Arm/blue/low_kuka_Roughness.tga
  artifactKey: Guid(c1cf8e5816f88c44d94ddae5b54fa1f2) Importer(815301076,1909f56bfc062723c751e8b465ee728b)
Start importing Assets/Resources/2D/Textures/Industrial Robot Arm/blue/low_kuka_Roughness.tga using Guid(c1cf8e5816f88c44d94ddae5b54fa1f2) Importer(815301076,1909f56bfc062723c751e8b465ee728b)  -> (artifact id: '61fdc0ae9b42736825faf9221c44acf0') in 0.025091 seconds
  Import took 0.029608 seconds .

========================================================================
Received Import Request.
  Time since last request: 46.953967 seconds.
  path: Assets/Resources/Materials/Particles/star_particle_material.mat
  artifactKey: Guid(380aa86faebebb640bda8f5f25f38a96) Importer(815301076,1909f56bfc062723c751e8b465ee728b)
Start importing Assets/Resources/Materials/Particles/star_particle_material.mat using Guid(380aa86faebebb640bda8f5f25f38a96) Importer(815301076,1909f56bfc062723c751e8b465ee728b)  -> (artifact id: 'e48c9ea14fe47f2eefb8bb3da2124cd5') in 0.064915 seconds
  Import took 0.069035 seconds .

========================================================================
Received Prepare
Registering precompiled user dll's ...
Registered in 0.001929 seconds.
Begin MonoManager ReloadAssembly
Native extension for LinuxStandalone target not found
Native extension for WindowsStandalone target not found
Native extension for WebGL target not found
Refreshing native plugins compatible for Editor in 0.40 ms, found 0 plugins.
Preloading 0 native plugins for Editor in 0.00 ms.
Invoked RoslynAnalysisRunner static constructor.
RoslynAnalysisRunner will not be running.
RoslynAnalysisRunner has terminated.
Mono: successfully reloaded assembly
- Completed reload, in  1.757 seconds
Platform modules already initialized, skipping
Refreshing native plugins compatible for Editor in 0.38 ms, found 0 plugins.
Preloading 0 native plugins for Editor in 0.00 ms.
Unloading 1106 Unused Serialized files (Serialized files now loaded: 0)
System memory in use before: 75.3 MB.
System memory in use after: 75.4 MB.

Unloading 5 unused Assets to reduce memory usage. Loaded Objects now: 1689.
Total: 2.929200 ms (FindLiveObjects: 0.289500 ms CreateObjectMapping: 0.095200 ms MarkObjects: 2.448300 ms  DeleteObjects: 0.094300 ms)

========================================================================
Received Prepare
Registering precompiled user dll's ...
Registered in 0.001558 seconds.
Begin MonoManager ReloadAssembly
Native extension for LinuxStandalone target not found
Native extension for WindowsStandalone target not found
Native extension for WebGL target not found
Refreshing native plugins compatible for Editor in 0.40 ms, found 0 plugins.
Preloading 0 native plugins for Editor in 0.00 ms.
Invoked RoslynAnalysisRunner static constructor.
RoslynAnalysisRunner will not be running.
RoslynAnalysisRunner has terminated.
Mono: successfully reloaded assembly
- Completed reload, in  1.776 seconds
Platform modules already initialized, skipping
Refreshing native plugins compatible for Editor in 0.41 ms, found 0 plugins.
Preloading 0 native plugins for Editor in 0.00 ms.
Unloading 1106 Unused Serialized files (Serialized files now loaded: 0)
System memory in use before: 75.3 MB.
System memory in use after: 75.4 MB.

Unloading 5 unused Assets to reduce memory usage. Loaded Objects now: 1691.
Total: 2.929200 ms (FindLiveObjects: 0.287300 ms CreateObjectMapping: 0.092700 ms MarkObjects: 2.448200 ms  DeleteObjects: 0.099300 ms)

========================================================================
Received Prepare
Registering precompiled user dll's ...
Registered in 0.001502 seconds.
Begin MonoManager ReloadAssembly
Native extension for LinuxStandalone target not found
Native extension for WindowsStandalone target not found
Native extension for WebGL target not found
Refreshing native plugins compatible for Editor in 0.43 ms, found 0 plugins.
Preloading 0 native plugins for Editor in 0.00 ms.
Invoked RoslynAnalysisRunner static constructor.
RoslynAnalysisRunner will not be running.
RoslynAnalysisRunner has terminated.
Mono: successfully reloaded assembly
- Completed reload, in  1.898 seconds
Platform modules already initialized, skipping
Refreshing native plugins compatible for Editor in 0.40 ms, found 0 plugins.
Preloading 0 native plugins for Editor in 0.00 ms.
Unloading 1114 Unused Serialized files (Serialized files now loaded: 0)
System memory in use before: 75.6 MB.
System memory in use after: 75.7 MB.

Unloading 5 unused Assets to reduce memory usage. Loaded Objects now: 1701.
Total: 3.275700 ms (FindLiveObjects: 0.349600 ms CreateObjectMapping: 0.093900 ms MarkObjects: 2.717300 ms  DeleteObjects: 0.112100 ms)

========================================================================
Received Import Request.
  Time since last request: 340.057393 seconds.
  path: Assets/Scenes/SampleScene.scenetemplate
  artifactKey: Guid(a8e4b5a86c8f1f04a9e6360813fac739) Importer(815301076,1909f56bfc062723c751e8b465ee728b)
Start importing Assets/Scenes/SampleScene.scenetemplate using Guid(a8e4b5a86c8f1f04a9e6360813fac739) Importer(815301076,1909f56bfc062723c751e8b465ee728b) LightingSettings: switching bake backend from 1 to 2.
 -> (artifact id: 'cceed0afbc409f9a98f2763f4fd6c5be') in 0.333169 seconds
  Import took 0.346534 seconds .

========================================================================
Received Import Request.
  Time since last request: 33.917264 seconds.
  path: Assets/Scenes/SampleScene.unity
  artifactKey: Guid(9fc0d4010bbf28b4594072e72b8655ab) Importer(815301076,1909f56bfc062723c751e8b465ee728b)
Start importing Assets/Scenes/SampleScene.unity using Guid(9fc0d4010bbf28b4594072e72b8655ab) Importer(815301076,1909f56bfc062723c751e8b465ee728b)  -> (artifact id: '202047eb25b20b83e2d8039674962148') in 0.021704 seconds
  Import took 0.025716 seconds .

========================================================================
Received Import Request.
  Time since last request: 0.001276 seconds.
  path: Assets/Scenes/SampleScene.unity
  artifactKey: Guid(9fc0d4010bbf28b4594072e72b8655ab) Importer(815301076,1909f56bfc062723c751e8b465ee728b)
Start importing Assets/Scenes/SampleScene.unity using Guid(9fc0d4010bbf28b4594072e72b8655ab) Importer(815301076,1909f56bfc062723c751e8b465ee728b)  -> (artifact id: '202047eb25b20b83e2d8039674962148') in 0.006495 seconds
  Import took 0.010389 seconds .

========================================================================
Received Import Request.
  Time since last request: 82.442128 seconds.
  path: Assets/Scripts/Industrial Robot Arm/CLAW_STATE.cs
  artifactKey: Guid(d8530181819f81c42b7b9ba32a3bad9e) Importer(815301076,1909f56bfc062723c751e8b465ee728b)
Start importing Assets/Scripts/Industrial Robot Arm/CLAW_STATE.cs using Guid(d8530181819f81c42b7b9ba32a3bad9e) Importer(815301076,1909f56bfc062723c751e8b465ee728b)  -> (artifact id: '3c6f47d182461c93a07db4a31f1d79bf') in 0.013602 seconds
  Import took 0.017820 seconds .

========================================================================
Received Import Request.
  Time since last request: 0.079702 seconds.
  path: Assets/Scenes/SampleScene/LightingData.asset
  artifactKey: Guid(0136abb5ca142724c833c24952d15eea) Importer(815301076,1909f56bfc062723c751e8b465ee728b)
Start importing Assets/Scenes/SampleScene/LightingData.asset using Guid(0136abb5ca142724c833c24952d15eea) Importer(815301076,1909f56bfc062723c751e8b465ee728b)  -> (artifact id: '1ba04d922052b61f369f00fafa854ceb') in 0.017936 seconds
  Import took 0.022139 seconds .

========================================================================
Received Import Request.
  Time since last request: 0.032853 seconds.
  path: Assets/Resources/Animations/Industrial Robot Arm/Animations/industrial_robot_arm_automatic_anim.anim
  artifactKey: Guid(d896fc8026e69494992d42d5c8c69bf9) Importer(815301076,1909f56bfc062723c751e8b465ee728b)
Start importing Assets/Resources/Animations/Industrial Robot Arm/Animations/industrial_robot_arm_automatic_anim.anim using Guid(d896fc8026e69494992d42d5c8c69bf9) Importer(815301076,1909f56bfc062723c751e8b465ee728b)  -> (artifact id: 'cb5e8ef30868138a83f45574dc0dc1a2') in 0.010724 seconds
  Import took 0.014830 seconds .

========================================================================
Received Import Request.
  Time since last request: 0.016731 seconds.
  path: Assets/Resources/Prefabs/industrial_robot_arm_claw_automatic.prefab
  artifactKey: Guid(95598bc81d6bb1045a16bfc363515200) Importer(815301076,1909f56bfc062723c751e8b465ee728b)
Start importing Assets/Resources/Prefabs/industrial_robot_arm_claw_automatic.prefab using Guid(95598bc81d6bb1045a16bfc363515200) Importer(815301076,1909f56bfc062723c751e8b465ee728b)  -> (artifact id: 'c8c139e3f90356bed4439c17b856fbb2') in 0.152762 seconds
  Import took 0.161349 seconds .

========================================================================
Received Import Request.
  Time since last request: 0.072726 seconds.
  path: Assets/Resources/Materials/Object/Grabbable/grabbable_cube_material.mat
  artifactKey: Guid(e5edf70aa1882e943bb67d364e02aa5f) Importer(815301076,1909f56bfc062723c751e8b465ee728b)
Start importing Assets/Resources/Materials/Object/Grabbable/grabbable_cube_material.mat using Guid(e5edf70aa1882e943bb67d364e02aa5f) Importer(815301076,1909f56bfc062723c751e8b465ee728b)  -> (artifact id: 'e7b8987fad5004561ec394e180e1698d') in 0.047580 seconds
  Import took 0.051346 seconds .

========================================================================
Received Import Request.
  Time since last request: 0.252707 seconds.
  path: Assets/Scripts/Functional/GrabbableObjectSpawner.cs
  artifactKey: Guid(ead1c72dbc785e342aa67df9b666094d) Importer(815301076,1909f56bfc062723c751e8b465ee728b)
Start importing Assets/Scripts/Functional/GrabbableObjectSpawner.cs using Guid(ead1c72dbc785e342aa67df9b666094d) Importer(815301076,1909f56bfc062723c751e8b465ee728b)  -> (artifact id: '5c5c33dd8556362821891b6d3c3a8d24') in 0.005795 seconds
  Import took 0.009710 seconds .

========================================================================
Received Import Request.
  Time since last request: 0.083208 seconds.
  path: Assets/Resources/Prefabs/UI/InputButtons.prefab
  artifactKey: Guid(55f99270e9bbd4e44aeeb68610a32024) Importer(815301076,1909f56bfc062723c751e8b465ee728b)
Start importing Assets/Resources/Prefabs/UI/InputButtons.prefab using Guid(55f99270e9bbd4e44aeeb68610a32024) Importer(815301076,1909f56bfc062723c751e8b465ee728b)  -> (artifact id: '538307ef86a7737944614ccf38cb6251') in 0.020671 seconds
  Import took 0.024685 seconds .

========================================================================
Received Import Request.
  Time since last request: 0.239448 seconds.
  path: Assets/Resources/Animations/Industrial Robot Arm/industrial_robot_arm_animator.controller
  artifactKey: Guid(e417f7a361a2fc5438947ff345b706da) Importer(815301076,1909f56bfc062723c751e8b465ee728b)
Start importing Assets/Resources/Animations/Industrial Robot Arm/industrial_robot_arm_animator.controller using Guid(e417f7a361a2fc5438947ff345b706da) Importer(815301076,1909f56bfc062723c751e8b465ee728b)  -> (artifact id: '6e92d8b8aa365df74c3a35f9019e9e73') in 0.017720 seconds
  Import took 0.022236 seconds .

========================================================================
Received Import Request.
  Time since last request: 0.276481 seconds.
  path: Assets/Scenes/SampleScene/ReflectionProbe-0.exr
  artifactKey: Guid(4f6e6f523625df3408b7a334c97ff0a0) Importer(815301076,1909f56bfc062723c751e8b465ee728b)
Start importing Assets/Scenes/SampleScene/ReflectionProbe-0.exr using Guid(4f6e6f523625df3408b7a334c97ff0a0) Importer(815301076,1909f56bfc062723c751e8b465ee728b)  -> (artifact id: '29ac6a9b2a16791107a783d3bd6f7920') in 0.047434 seconds
  Import took 0.051361 seconds .

========================================================================
Received Import Request.
  Time since last request: 0.149982 seconds.
  path: Assets/Resources/Materials/Functional/grabbable_object_spawner_material.mat
  artifactKey: Guid(5e105aed832ff9941b1d0e52c2f83602) Importer(815301076,1909f56bfc062723c751e8b465ee728b)
Start importing Assets/Resources/Materials/Functional/grabbable_object_spawner_material.mat using Guid(5e105aed832ff9941b1d0e52c2f83602) Importer(815301076,1909f56bfc062723c751e8b465ee728b)  -> (artifact id: '400129413351de5e2ad81aecb151dc34') in 0.034080 seconds
  Import took 0.038134 seconds .

========================================================================
Received Import Request.
  Time since last request: 0.134957 seconds.
  path: Assets/Resources/2D/Textures/Industrial Robot Arm/blue
  artifactKey: Guid(2b015256b174e4448a0c170b3cc182c2) Importer(815301076,1909f56bfc062723c751e8b465ee728b)
Start importing Assets/Resources/2D/Textures/Industrial Robot Arm/blue using Guid(2b015256b174e4448a0c170b3cc182c2) Importer(815301076,1909f56bfc062723c751e8b465ee728b)  -> (artifact id: '1932180e1e6841d1d4b8330e6c56fe13') in 0.010833 seconds
  Import took 0.014521 seconds .

========================================================================
Received Import Request.
  Time since last request: 0.073165 seconds.
  path: Assets/Scenes/SampleScene
  artifactKey: Guid(e9b5ee617156b5f4f9404b0e1a7accde) Importer(815301076,1909f56bfc062723c751e8b465ee728b)
Start importing Assets/Scenes/SampleScene using Guid(e9b5ee617156b5f4f9404b0e1a7accde) Importer(815301076,1909f56bfc062723c751e8b465ee728b)  -> (artifact id: '18e86a568b429ec398b9c25a2df6b675') in 0.014508 seconds
  Import took 0.018072 seconds .

========================================================================
Received Import Request.
  Time since last request: 0.065314 seconds.
  path: Assets/Resources/Animations/Industrial Robot Arm/Animations/claw_grab_anim.anim
  artifactKey: Guid(c893c7b48c99c9e48a2fb2797dafdf83) Importer(815301076,1909f56bfc062723c751e8b465ee728b)
Start importing Assets/Resources/Animations/Industrial Robot Arm/Animations/claw_grab_anim.anim using Guid(c893c7b48c99c9e48a2fb2797dafdf83) Importer(815301076,1909f56bfc062723c751e8b465ee728b)  -> (artifact id: '51aac7e23e61ac2471844bfc8b1b5de4') in 0.014068 seconds
  Import took 0.017721 seconds .

========================================================================
Received Import Request.
  Time since last request: 0.095713 seconds.
  path: Assets/Resources/Materials/Functional/grabbable_object_receiver_material.mat
  artifactKey: Guid(85a721bc32fe0be419bcc6562cba84a4) Importer(815301076,1909f56bfc062723c751e8b465ee728b)
Start importing Assets/Resources/Materials/Functional/grabbable_object_receiver_material.mat using Guid(85a721bc32fe0be419bcc6562cba84a4) Importer(815301076,1909f56bfc062723c751e8b465ee728b)  -> (artifact id: 'a137d49e34ae0eab105928db39f8c1bd') in 0.028632 seconds
  Import took 0.032152 seconds .

========================================================================
Received Import Request.
  Time since last request: 0.069655 seconds.
  path: Assets/Scripts/Industrial Robot Arm/IndustrialRobotArm.cs
  artifactKey: Guid(da0bd8fba5b3d274cb0af7f915113cc8) Importer(815301076,1909f56bfc062723c751e8b465ee728b)
Start importing Assets/Scripts/Industrial Robot Arm/IndustrialRobotArm.cs using Guid(da0bd8fba5b3d274cb0af7f915113cc8) Importer(815301076,1909f56bfc062723c751e8b465ee728b)  -> (artifact id: 'c66a4eb54f9a7a57602547f8f82be350') in 0.011610 seconds
  Import took 0.015140 seconds .

========================================================================
Received Import Request.
  Time since last request: 0.050440 seconds.
  path: Assets/Resources/Animations/Industrial Robot Arm/industrial_robot_arm_automatic_animator.controller
  artifactKey: Guid(e83ef626f3b5b4b49a36a20c668276ae) Importer(815301076,1909f56bfc062723c751e8b465ee728b)
Start importing Assets/Resources/Animations/Industrial Robot Arm/industrial_robot_arm_automatic_animator.controller using Guid(e83ef626f3b5b4b49a36a20c668276ae) Importer(815301076,1909f56bfc062723c751e8b465ee728b)  -> (artifact id: '2a3ad5f7b70d4f6a3431966a22208281') in 0.016078 seconds
  Import took 0.020227 seconds .

========================================================================
Received Import Request.
  Time since last request: 0.068931 seconds.
  path: Assets/Scenes/MainScene.unity
  artifactKey: Guid(b7b9100297fb38e48ba8d9a300cb6798) Importer(815301076,1909f56bfc062723c751e8b465ee728b)
Start importing Assets/Scenes/MainScene.unity using Guid(b7b9100297fb38e48ba8d9a300cb6798) Importer(815301076,1909f56bfc062723c751e8b465ee728b)  -> (artifact id: '6be14a8082b2125083e0ca4bd6c6dc91') in 0.013631 seconds
  Import took 0.017401 seconds .

========================================================================
Received Import Request.
  Time since last request: 0.040910 seconds.
  path: Assets/Scripts/Functional/GrabbableObject.cs
  artifactKey: Guid(0ba2f98da30e38f4285941d9b2f42a9d) Importer(815301076,1909f56bfc062723c751e8b465ee728b)
Start importing Assets/Scripts/Functional/GrabbableObject.cs using Guid(0ba2f98da30e38f4285941d9b2f42a9d) Importer(815301076,1909f56bfc062723c751e8b465ee728b)  -> (artifact id: 'd3465d94bba6dfe151229258aa5de106') in 0.013379 seconds
  Import took 0.017223 seconds .

========================================================================
Received Import Request.
  Time since last request: 0.144954 seconds.
  path: Assets/Resources/Prefabs/Functional/GrabbableObjectReceiver.prefab
  artifactKey: Guid(68d3ac67793ac86418d34686a5508258) Importer(815301076,1909f56bfc062723c751e8b465ee728b)
Start importing Assets/Resources/Prefabs/Functional/GrabbableObjectReceiver.prefab using Guid(68d3ac67793ac86418d34686a5508258) Importer(815301076,1909f56bfc062723c751e8b465ee728b)  -> (artifact id: '4149a0a7d8ba72be41a6c8b80f9c6e64') in 0.029252 seconds
  Import took 0.033648 seconds .

========================================================================
Received Import Request.
  Time since last request: 0.094802 seconds.
  path: Assets/Resources/lighting_settings.lighting
  artifactKey: Guid(bfd0cd6edecb6254a885702ffa56fafd) Importer(815301076,1909f56bfc062723c751e8b465ee728b)
Start importing Assets/Resources/lighting_settings.lighting using Guid(bfd0cd6edecb6254a885702ffa56fafd) Importer(815301076,1909f56bfc062723c751e8b465ee728b) LightingSettings: switching bake backend from 1 to 2.
 -> (artifact id: '3784b1dfec5412aa974f7ed87031bbd1') in 0.017114 seconds
  Import took 0.020925 seconds .

========================================================================
Received Import Request.
  Time since last request: 0.034560 seconds.
  path: Assets/Resources/Prefabs/industrial_robot_arm_claw.prefab
  artifactKey: Guid(b3f7ac2b48c2f3c4183ca871ad302a79) Importer(815301076,1909f56bfc062723c751e8b465ee728b)
Start importing Assets/Resources/Prefabs/industrial_robot_arm_claw.prefab using Guid(b3f7ac2b48c2f3c4183ca871ad302a79) Importer(815301076,1909f56bfc062723c751e8b465ee728b)  -> (artifact id: '0f8eac27ce236a1ec5cb8b937eb1f576') in 0.097979 seconds
  Import took 0.107008 seconds .

========================================================================
Received Import Request.
  Time since last request: 0.154362 seconds.
  path: Assets/Resources/Prefabs/Functional/GrabbableObjectSpawner.prefab
  artifactKey: Guid(9285a9da0eb03e948be8982d182ce260) Importer(815301076,1909f56bfc062723c751e8b465ee728b)
Start importing Assets/Resources/Prefabs/Functional/GrabbableObjectSpawner.prefab using Guid(9285a9da0eb03e948be8982d182ce260) Importer(815301076,1909f56bfc062723c751e8b465ee728b)  -> (artifact id: '07be860b471384a4436ec23770d79679') in 0.022377 seconds
  Import took 0.025981 seconds .

AssetImportWorkerClient::OnTransportError - code=2 error=End of file
